

Processing Rails::InfoController#properties (for 127.0.0.1 at 2009-02-27 10:39:51) [GET]
  [4;36;1mSQL (0.7ms)[0m   [0;1m SELECT name
 FROM sqlite_master
 WHERE type = 'table' AND NOT name = 'sqlite_sequence'
[0m
Completed in 43ms (View: 8, DB: 1) | 200 OK [http://localhost/rails/info/properties]
  [4;36;1mSQL (0.3ms)[0m   [0;1m SELECT name
 FROM sqlite_master
 WHERE type = 'table' AND NOT name = 'sqlite_sequence'
[0m
  [4;35;1mSQL (0.1ms)[0m   [0mselect sqlite_version(*)[0m
  [4;36;1mSQL (1.6ms)[0m   [0;1mCREATE TABLE "schema_migrations" ("version" varchar(255) NOT NULL) [0m
  [4;35;1mSQL (1.4ms)[0m   [0mCREATE UNIQUE INDEX "unique_schema_migrations" ON "schema_migrations" ("version")[0m
  [4;36;1mSQL (0.4ms)[0m   [0;1m SELECT name
 FROM sqlite_master
 WHERE type = 'table' AND NOT name = 'sqlite_sequence'
[0m
  [4;35;1mSQL (0.2ms)[0m   [0mSELECT version FROM schema_migrations[0m
Migrating to CreateTodos (20090226234945)
  [4;36;1mSQL (2.8ms)[0m   [0;1mCREATE TABLE "todos" ("id" INTEGER PRIMARY KEY AUTOINCREMENT NOT NULL, "title" varchar(255), "note" text, "due_by" datetime, "complete" boolean, "created_at" datetime, "updated_at" datetime) [0m
  [4;35;1mSQL (1.1ms)[0m   [0mINSERT INTO schema_migrations (version) VALUES ('20090226234945')[0m
  [4;36;1mSQL (0.5ms)[0m   [0;1m SELECT name
 FROM sqlite_master
 WHERE type = 'table' AND NOT name = 'sqlite_sequence'
[0m
  [4;35;1mSQL (0.6ms)[0m   [0mSELECT version FROM schema_migrations[0m
  [4;36;1mSQL (0.4ms)[0m   [0;1m SELECT name
 FROM sqlite_master
 WHERE type = 'table' AND NOT name = 'sqlite_sequence'
[0m
  [4;35;1mSQL (0.1ms)[0m   [0mPRAGMA index_list("todos")[0m


Processing TodosController#index (for 127.0.0.1 at 2009-02-27 10:58:54) [GET]
  [4;36;1mTodo Load (0.4ms)[0m   [0;1mSELECT * FROM "todos" [0m
Rendering template within layouts/todos
Rendering todos/index
Completed in 93ms (View: 88, DB: 0) | 200 OK [http://localhost/todos]


Processing TodosController#new (for 127.0.0.1 at 2009-02-27 10:59:01) [GET]
Rendering template within layouts/todos
Rendering todos/new
Completed in 234ms (View: 228, DB: 0) | 200 OK [http://localhost/todos/new]


Processing TodosController#create (for 127.0.0.1 at 2009-02-27 10:59:09) [POST]
  Parameters: {"commit"=>"Create", "authenticity_token"=>"GRUvCcSsXbyuj5Udz4FxiEQF84AxLzyOOaZBmK+xvQk=", "todo"=>{"title"=>"hello todo", "due_by(1i)"=>"2009", "due_by(2i)"=>"2", "due_by(3i)"=>"26", "complete"=>"0", "due_by(4i)"=>"23", "note"=>"I am a todo", "due_by(5i)"=>"59"}}
  [4;35;1mTodo Create (1.1ms)[0m   [0mINSERT INTO "todos" ("updated_at", "title", "due_by", "note", "complete", "created_at") VALUES('2009-02-26 23:59:09', 'hello todo', '2009-02-26 23:59:00', 'I am a todo', 'f', '2009-02-26 23:59:09')[0m
Redirected to #<Todo:0x2496144>
Completed in 34ms (DB: 1) | 302 Found [http://localhost/todos]


Processing TodosController#show (for 127.0.0.1 at 2009-02-27 10:59:09) [GET]
  Parameters: {"id"=>"1"}
  [4;36;1mTodo Load (0.2ms)[0m   [0;1mSELECT * FROM "todos" WHERE ("todos"."id" = 1) [0m
Rendering template within layouts/todos
Rendering todos/show
Completed in 17ms (View: 11, DB: 0) | 200 OK [http://localhost/todos/1]


Processing TodosController#index (for 127.0.0.1 at 2009-02-27 10:59:11) [GET]
  [4;35;1mTodo Load (1.1ms)[0m   [0mSELECT * FROM "todos" [0m
Rendering template within layouts/todos
Rendering todos/index
Completed in 40ms (View: 30, DB: 1) | 200 OK [http://localhost/todos]


Processing TodosController#edit (for 127.0.0.1 at 2009-02-27 10:59:13) [GET]
  Parameters: {"id"=>"1"}
  [4;36;1mTodo Load (0.6ms)[0m   [0;1mSELECT * FROM "todos" WHERE ("todos"."id" = 1) [0m
Rendering template within layouts/todos
Rendering todos/edit
Completed in 48ms (View: 36, DB: 1) | 200 OK [http://localhost/todos/1/edit]


Processing TodosController#update (for 127.0.0.1 at 2009-02-27 10:59:19) [PUT]
  Parameters: {"commit"=>"Update", "authenticity_token"=>"GRUvCcSsXbyuj5Udz4FxiEQF84AxLzyOOaZBmK+xvQk=", "id"=>"1", "todo"=>{"title"=>"hello todo", "due_by(1i)"=>"2009", "due_by(2i)"=>"2", "due_by(3i)"=>"26", "complete"=>"0", "due_by(4i)"=>"23", "note"=>"I am a todo. OMG an edit@!", "due_by(5i)"=>"59"}}
  [4;35;1mTodo Load (0.2ms)[0m   [0mSELECT * FROM "todos" WHERE ("todos"."id" = 1) [0m
  [4;36;1mTodo Update (0.4ms)[0m   [0;1mUPDATE "todos" SET "note" = 'I am a todo. OMG an edit@!', "updated_at" = '2009-02-26 23:59:19' WHERE "id" = 1[0m
Redirected to #<Todo:0x220b44c>
Completed in 10ms (DB: 1) | 302 Found [http://localhost/todos/1]


Processing TodosController#show (for 127.0.0.1 at 2009-02-27 10:59:19) [GET]
  Parameters: {"id"=>"1"}
  [4;35;1mTodo Load (0.2ms)[0m   [0mSELECT * FROM "todos" WHERE ("todos"."id" = 1) [0m
Rendering template within layouts/todos
Rendering todos/show
Completed in 17ms (View: 11, DB: 0) | 200 OK [http://localhost/todos/1]


Processing TodosController#index (for 127.0.0.1 at 2009-02-27 10:59:21) [GET]
  [4;36;1mTodo Load (1.1ms)[0m   [0;1mSELECT * FROM "todos" [0m
Rendering template within layouts/todos
Rendering todos/index
Completed in 39ms (View: 29, DB: 1) | 200 OK [http://localhost/todos]


Processing TodosController#destroy (for 127.0.0.1 at 2009-02-27 10:59:24) [DELETE]
  Parameters: {"authenticity_token"=>"GRUvCcSsXbyuj5Udz4FxiEQF84AxLzyOOaZBmK+xvQk=", "id"=>"1"}
  [4;35;1mTodo Load (0.2ms)[0m   [0mSELECT * FROM "todos" WHERE ("todos"."id" = 1) [0m
  [4;36;1mTodo Destroy (0.3ms)[0m   [0;1mDELETE FROM "todos" WHERE "id" = 1[0m
Redirected to http://localhost:3000/todos
Completed in 8ms (DB: 1) | 302 Found [http://localhost/todos/1]


Processing TodosController#index (for 127.0.0.1 at 2009-02-27 10:59:24) [GET]
  [4;35;1mTodo Load (0.4ms)[0m   [0mSELECT * FROM "todos" [0m
Rendering template within layouts/todos
Rendering todos/index
Completed in 14ms (View: 10, DB: 0) | 200 OK [http://localhost/todos]


Processing TodosController#new (for 127.0.0.1 at 2009-02-27 11:04:18) [GET]
Rendering template within layouts/todos
Rendering todos/new
Completed in 140ms (View: 128, DB: 0) | 200 OK [http://localhost/todos/new]


Processing TodosController#create (for 127.0.0.1 at 2009-02-27 11:04:20) [POST]
  Parameters: {"commit"=>"Create", "authenticity_token"=>"GRUvCcSsXbyuj5Udz4FxiEQF84AxLzyOOaZBmK+xvQk=", "todo"=>{"title"=>"", "due_by(1i)"=>"2009", "due_by(2i)"=>"2", "due_by(3i)"=>"27", "complete"=>"0", "due_by(4i)"=>"00", "note"=>"", "due_by(5i)"=>"04"}}
  [4;36;1mTodo Create (0.4ms)[0m   [0;1mINSERT INTO "todos" ("updated_at", "title", "due_by", "note", "complete", "created_at") VALUES('2009-02-27 00:04:20', '', '2009-02-27 00:04:00', '', 'f', '2009-02-27 00:04:20')[0m
Redirected to #<Todo:0x24e27c4>
Completed in 12ms (DB: 0) | 302 Found [http://localhost/todos]


Processing TodosController#show (for 127.0.0.1 at 2009-02-27 11:04:20) [GET]
  Parameters: {"id"=>"2"}
  [4;35;1mTodo Load (0.7ms)[0m   [0mSELECT * FROM "todos" WHERE ("todos"."id" = 2) [0m
Rendering template within layouts/todos
Rendering todos/show
Completed in 42ms (View: 28, DB: 1) | 200 OK [http://localhost/todos/2]
  [4;36;1mSQL (0.5ms)[0m   [0;1m SELECT name
 FROM sqlite_master
 WHERE type = 'table' AND NOT name = 'sqlite_sequence'
[0m
  [4;35;1mSQL (0.2ms)[0m   [0mSELECT version FROM schema_migrations[0m
  [4;36;1mSQL (0.4ms)[0m   [0;1mselect sqlite_version(*)[0m
  [4;35;1mSQL (0.5ms)[0m   [0m SELECT name
 FROM sqlite_master
 WHERE type = 'table' AND NOT name = 'sqlite_sequence'
[0m
  [4;36;1mSQL (13.5ms)[0m   [0;1mCREATE TABLE "todos" ("id" INTEGER PRIMARY KEY AUTOINCREMENT NOT NULL, "title" varchar(255), "note" text, "due_by" datetime, "complete" boolean, "created_at" datetime, "updated_at" datetime) [0m
  [4;35;1mSQL (0.3ms)[0m   [0m SELECT name
 FROM sqlite_master
 WHERE type = 'table' AND NOT name = 'sqlite_sequence'
[0m
  [4;36;1mSQL (1.3ms)[0m   [0;1mCREATE TABLE "schema_migrations" ("version" varchar(255) NOT NULL) [0m
  [4;35;1mSQL (1.4ms)[0m   [0mCREATE UNIQUE INDEX "unique_schema_migrations" ON "schema_migrations" ("version")[0m
  [4;36;1mSQL (0.2ms)[0m   [0;1m SELECT name
 FROM sqlite_master
 WHERE type = 'table' AND NOT name = 'sqlite_sequence'
[0m
  [4;35;1mSQL (0.1ms)[0m   [0mSELECT version FROM "schema_migrations"[0m
  [4;36;1mSQL (1.3ms)[0m   [0;1mINSERT INTO "schema_migrations" (version) VALUES ('20090226234945')[0m
  [4;36;1mSQL (0.5ms)[0m   [0;1m SELECT name
 FROM sqlite_master
 WHERE type = 'table' AND NOT name = 'sqlite_sequence'
[0m
  [4;35;1mSQL (0.1ms)[0m   [0mSELECT version FROM schema_migrations[0m
  [4;36;1mSQL (0.1ms)[0m   [0;1mselect sqlite_version(*)[0m
  [4;35;1mSQL (0.2ms)[0m   [0m SELECT name
 FROM sqlite_master
 WHERE type = 'table' AND NOT name = 'sqlite_sequence'
[0m
  [4;36;1mSQL (1.8ms)[0m   [0;1mCREATE TABLE "todos" ("id" INTEGER PRIMARY KEY AUTOINCREMENT NOT NULL, "title" varchar(255), "note" text, "due_by" datetime, "complete" boolean, "created_at" datetime, "updated_at" datetime) [0m
  [4;35;1mSQL (0.2ms)[0m   [0m SELECT name
 FROM sqlite_master
 WHERE type = 'table' AND NOT name = 'sqlite_sequence'
[0m
  [4;36;1mSQL (1.3ms)[0m   [0;1mCREATE TABLE "schema_migrations" ("version" varchar(255) NOT NULL) [0m
  [4;35;1mSQL (1.4ms)[0m   [0mCREATE UNIQUE INDEX "unique_schema_migrations" ON "schema_migrations" ("version")[0m
  [4;36;1mSQL (0.2ms)[0m   [0;1m SELECT name
 FROM sqlite_master
 WHERE type = 'table' AND NOT name = 'sqlite_sequence'
[0m
  [4;35;1mSQL (0.1ms)[0m   [0mSELECT version FROM "schema_migrations"[0m
  [4;36;1mSQL (1.3ms)[0m   [0;1mINSERT INTO "schema_migrations" (version) VALUES ('20090226234945')[0m
  [4;36;1mSQL (0.5ms)[0m   [0;1m SELECT name
 FROM sqlite_master
 WHERE type = 'table' AND NOT name = 'sqlite_sequence'
[0m
  [4;35;1mSQL (0.1ms)[0m   [0mSELECT version FROM schema_migrations[0m
  [4;36;1mSQL (0.1ms)[0m   [0;1mselect sqlite_version(*)[0m
  [4;35;1mSQL (0.2ms)[0m   [0m SELECT name
 FROM sqlite_master
 WHERE type = 'table' AND NOT name = 'sqlite_sequence'
[0m
  [4;36;1mSQL (1.9ms)[0m   [0;1mCREATE TABLE "todos" ("id" INTEGER PRIMARY KEY AUTOINCREMENT NOT NULL, "title" varchar(255), "note" text, "due_by" datetime, "complete" boolean, "created_at" datetime, "updated_at" datetime) [0m
  [4;35;1mSQL (0.2ms)[0m   [0m SELECT name
 FROM sqlite_master
 WHERE type = 'table' AND NOT name = 'sqlite_sequence'
[0m
  [4;36;1mSQL (1.3ms)[0m   [0;1mCREATE TABLE "schema_migrations" ("version" varchar(255) NOT NULL) [0m
  [4;35;1mSQL (1.4ms)[0m   [0mCREATE UNIQUE INDEX "unique_schema_migrations" ON "schema_migrations" ("version")[0m
  [4;36;1mSQL (0.2ms)[0m   [0;1m SELECT name
 FROM sqlite_master
 WHERE type = 'table' AND NOT name = 'sqlite_sequence'
[0m
  [4;35;1mSQL (0.1ms)[0m   [0mSELECT version FROM "schema_migrations"[0m
  [4;36;1mSQL (1.3ms)[0m   [0;1mINSERT INTO "schema_migrations" (version) VALUES ('20090226234945')[0m
  [4;36;1mSQL (0.5ms)[0m   [0;1m SELECT name
 FROM sqlite_master
 WHERE type = 'table' AND NOT name = 'sqlite_sequence'
[0m
  [4;35;1mSQL (0.1ms)[0m   [0mSELECT version FROM schema_migrations[0m
Migrating to CreateTodos (20090226234945)
Migrating to CreateLists (20090227002134)
  [4;36;1mSQL (0.1ms)[0m   [0;1mselect sqlite_version(*)[0m
  [4;35;1mSQL (1.8ms)[0m   [0mCREATE TABLE "lists" ("id" INTEGER PRIMARY KEY AUTOINCREMENT NOT NULL, "title" varchar(255), "created_at" datetime, "updated_at" datetime) [0m
  [4;36;1mSQL (1.4ms)[0m   [0;1mINSERT INTO schema_migrations (version) VALUES ('20090227002134')[0m
  [4;35;1mSQL (0.6ms)[0m   [0m SELECT name
 FROM sqlite_master
 WHERE type = 'table' AND NOT name = 'sqlite_sequence'
[0m
  [4;36;1mSQL (0.4ms)[0m   [0;1mSELECT version FROM schema_migrations[0m
  [4;35;1mSQL (0.5ms)[0m   [0m SELECT name
 FROM sqlite_master
 WHERE type = 'table' AND NOT name = 'sqlite_sequence'
[0m
  [4;36;1mSQL (0.1ms)[0m   [0;1mPRAGMA index_list("lists")[0m
  [4;35;1mSQL (0.1ms)[0m   [0mPRAGMA index_list("todos")[0m


Processing ListsController#index (for 127.0.0.1 at 2009-02-27 11:21:54) [GET]
  [4;36;1mList Load (0.4ms)[0m   [0;1mSELECT * FROM "lists" [0m
Rendering template within layouts/lists
Rendering lists/index
Completed in 17ms (View: 12, DB: 0) | 200 OK [http://localhost/lists]


Processing ListsController#new (for 127.0.0.1 at 2009-02-27 11:21:57) [GET]
Rendering template within layouts/lists
Rendering lists/new
Completed in 27ms (View: 17, DB: 0) | 200 OK [http://localhost/lists/new]


Processing ListsController#create (for 127.0.0.1 at 2009-02-27 11:22:00) [POST]
  Parameters: {"commit"=>"Create", "list"=>{"title"=>""}, "authenticity_token"=>"GRUvCcSsXbyuj5Udz4FxiEQF84AxLzyOOaZBmK+xvQk="}
  [4;35;1mList Create (0.5ms)[0m   [0mINSERT INTO "lists" ("updated_at", "title", "created_at") VALUES('2009-02-27 00:22:00', '', '2009-02-27 00:22:00')[0m
Redirected to #<List:0x2116e60>
Completed in 100ms (DB: 1) | 302 Found [http://localhost/lists]


Processing ListsController#show (for 127.0.0.1 at 2009-02-27 11:22:00) [GET]
  Parameters: {"id"=>"1"}
  [4;36;1mList Load (0.5ms)[0m   [0;1mSELECT * FROM "lists" WHERE ("lists"."id" = 1) [0m
Rendering template within layouts/lists
Rendering lists/show
Completed in 28ms (View: 15, DB: 0) | 200 OK [http://localhost/lists/1]


Processing ListsController#index (for 127.0.0.1 at 2009-02-27 11:22:01) [GET]
  [4;35;1mList Load (0.5ms)[0m   [0mSELECT * FROM "lists" [0m
Rendering template within layouts/lists
Rendering lists/index
Completed in 19ms (View: 14, DB: 0) | 200 OK [http://localhost/lists]


Processing TodosController#index (for 127.0.0.1 at 2009-02-27 11:22:07) [GET]
  [4;36;1mTodo Load (0.5ms)[0m   [0;1mSELECT * FROM "todos" [0m
Rendering template within layouts/todos
Rendering todos/index
Completed in 70ms (View: 65, DB: 1) | 200 OK [http://localhost/todos]


Processing TodosController#new (for 127.0.0.1 at 2009-02-27 11:22:08) [GET]
Rendering template within layouts/todos
Rendering todos/new
Completed in 24ms (View: 19, DB: 0) | 200 OK [http://localhost/todos/new]


Processing TodosController#create (for 127.0.0.1 at 2009-02-27 11:22:11) [POST]
  Parameters: {"commit"=>"Create", "authenticity_token"=>"GRUvCcSsXbyuj5Udz4FxiEQF84AxLzyOOaZBmK+xvQk=", "todo"=>{"title"=>"", "due_by(1i)"=>"2009", "due_by(2i)"=>"2", "due_by(3i)"=>"27", "complete"=>"0", "due_by(4i)"=>"00", "note"=>"", "due_by(5i)"=>"22"}}
Rendering template within layouts/todos
Rendering todos/new
Completed in 26ms (View: 16, DB: 0) | 200 OK [http://localhost/todos]
  [4;36;1mSQL (0.5ms)[0m   [0;1m SELECT name
 FROM sqlite_master
 WHERE type = 'table' AND NOT name = 'sqlite_sequence'
[0m
  [4;35;1mSQL (0.2ms)[0m   [0mSELECT version FROM schema_migrations[0m
  [4;36;1mSQL (0.1ms)[0m   [0;1mselect sqlite_version(*)[0m
  [4;35;1mSQL (0.2ms)[0m   [0m SELECT name
 FROM sqlite_master
 WHERE type = 'table' AND NOT name = 'sqlite_sequence'
[0m
  [4;36;1mSQL (283.5ms)[0m   [0;1mCREATE TABLE "lists" ("id" INTEGER PRIMARY KEY AUTOINCREMENT NOT NULL, "title" varchar(255), "created_at" datetime, "updated_at" datetime) [0m
  [4;35;1mSQL (0.5ms)[0m   [0m SELECT name
 FROM sqlite_master
 WHERE type = 'table' AND NOT name = 'sqlite_sequence'
[0m
  [4;36;1mSQL (1.9ms)[0m   [0;1mCREATE TABLE "todos" ("id" INTEGER PRIMARY KEY AUTOINCREMENT NOT NULL, "title" varchar(255), "note" text, "due_by" datetime, "complete" boolean, "created_at" datetime, "updated_at" datetime) [0m
  [4;35;1mSQL (0.2ms)[0m   [0m SELECT name
 FROM sqlite_master
 WHERE type = 'table' AND NOT name = 'sqlite_sequence'
[0m
  [4;36;1mSQL (1.5ms)[0m   [0;1mCREATE TABLE "schema_migrations" ("version" varchar(255) NOT NULL) [0m
  [4;35;1mSQL (1.6ms)[0m   [0mCREATE UNIQUE INDEX "unique_schema_migrations" ON "schema_migrations" ("version")[0m
  [4;36;1mSQL (0.2ms)[0m   [0;1m SELECT name
 FROM sqlite_master
 WHERE type = 'table' AND NOT name = 'sqlite_sequence'
[0m
  [4;35;1mSQL (0.1ms)[0m   [0mSELECT version FROM "schema_migrations"[0m
  [4;36;1mSQL (1.4ms)[0m   [0;1mINSERT INTO "schema_migrations" (version) VALUES ('20090227002134')[0m
  [4;35;1mSQL (1.6ms)[0m   [0mINSERT INTO "schema_migrations" (version) VALUES ('20090226234945')[0m
  [4;36;1mSQL (0.5ms)[0m   [0;1m SELECT name
 FROM sqlite_master
 WHERE type = 'table' AND NOT name = 'sqlite_sequence'
[0m
  [4;35;1mSQL (0.2ms)[0m   [0mSELECT version FROM schema_migrations[0m
  [4;36;1mSQL (0.1ms)[0m   [0;1mselect sqlite_version(*)[0m
  [4;35;1mSQL (0.2ms)[0m   [0m SELECT name
 FROM sqlite_master
 WHERE type = 'table' AND NOT name = 'sqlite_sequence'
[0m
  [4;36;1mSQL (1.8ms)[0m   [0;1mCREATE TABLE "lists" ("id" INTEGER PRIMARY KEY AUTOINCREMENT NOT NULL, "title" varchar(255), "created_at" datetime, "updated_at" datetime) [0m
  [4;35;1mSQL (0.2ms)[0m   [0m SELECT name
 FROM sqlite_master
 WHERE type = 'table' AND NOT name = 'sqlite_sequence'
[0m
  [4;36;1mSQL (1.4ms)[0m   [0;1mCREATE TABLE "todos" ("id" INTEGER PRIMARY KEY AUTOINCREMENT NOT NULL, "title" varchar(255), "note" text, "due_by" datetime, "complete" boolean, "created_at" datetime, "updated_at" datetime) [0m
  [4;35;1mSQL (0.2ms)[0m   [0m SELECT name
 FROM sqlite_master
 WHERE type = 'table' AND NOT name = 'sqlite_sequence'
[0m
  [4;36;1mSQL (1.5ms)[0m   [0;1mCREATE TABLE "schema_migrations" ("version" varchar(255) NOT NULL) [0m
  [4;35;1mSQL (1.6ms)[0m   [0mCREATE UNIQUE INDEX "unique_schema_migrations" ON "schema_migrations" ("version")[0m
  [4;36;1mSQL (0.5ms)[0m   [0;1m SELECT name
 FROM sqlite_master
 WHERE type = 'table' AND NOT name = 'sqlite_sequence'
[0m
  [4;35;1mSQL (0.2ms)[0m   [0mSELECT version FROM "schema_migrations"[0m
  [4;36;1mSQL (2.0ms)[0m   [0;1mINSERT INTO "schema_migrations" (version) VALUES ('20090227002134')[0m
  [4;35;1mSQL (1.9ms)[0m   [0mINSERT INTO "schema_migrations" (version) VALUES ('20090226234945')[0m
  [4;36;1mSQL (0.5ms)[0m   [0;1m SELECT name
 FROM sqlite_master
 WHERE type = 'table' AND NOT name = 'sqlite_sequence'
[0m
  [4;35;1mSQL (0.2ms)[0m   [0mSELECT version FROM schema_migrations[0m
  [4;36;1mSQL (0.1ms)[0m   [0;1mselect sqlite_version(*)[0m
  [4;35;1mSQL (0.2ms)[0m   [0m SELECT name
 FROM sqlite_master
 WHERE type = 'table' AND NOT name = 'sqlite_sequence'
[0m
  [4;36;1mSQL (2.1ms)[0m   [0;1mCREATE TABLE "lists" ("id" INTEGER PRIMARY KEY AUTOINCREMENT NOT NULL, "title" varchar(255), "created_at" datetime, "updated_at" datetime) [0m
  [4;35;1mSQL (0.2ms)[0m   [0m SELECT name
 FROM sqlite_master
 WHERE type = 'table' AND NOT name = 'sqlite_sequence'
[0m
  [4;36;1mSQL (1.4ms)[0m   [0;1mCREATE TABLE "todos" ("id" INTEGER PRIMARY KEY AUTOINCREMENT NOT NULL, "title" varchar(255), "note" text, "due_by" datetime, "complete" boolean, "created_at" datetime, "updated_at" datetime) [0m
  [4;35;1mSQL (0.2ms)[0m   [0m SELECT name
 FROM sqlite_master
 WHERE type = 'table' AND NOT name = 'sqlite_sequence'
[0m
  [4;36;1mSQL (1.4ms)[0m   [0;1mCREATE TABLE "schema_migrations" ("version" varchar(255) NOT NULL) [0m
  [4;35;1mSQL (1.4ms)[0m   [0mCREATE UNIQUE INDEX "unique_schema_migrations" ON "schema_migrations" ("version")[0m
  [4;36;1mSQL (0.2ms)[0m   [0;1m SELECT name
 FROM sqlite_master
 WHERE type = 'table' AND NOT name = 'sqlite_sequence'
[0m
  [4;35;1mSQL (0.1ms)[0m   [0mSELECT version FROM "schema_migrations"[0m
  [4;36;1mSQL (1.2ms)[0m   [0;1mINSERT INTO "schema_migrations" (version) VALUES ('20090227002134')[0m
  [4;35;1mSQL (1.4ms)[0m   [0mINSERT INTO "schema_migrations" (version) VALUES ('20090226234945')[0m
  [4;36;1mSQL (0.6ms)[0m   [0;1m SELECT name
 FROM sqlite_master
 WHERE type = 'table' AND NOT name = 'sqlite_sequence'
[0m
  [4;35;1mSQL (0.2ms)[0m   [0mSELECT version FROM schema_migrations[0m
  [4;36;1mSQL (0.1ms)[0m   [0;1mselect sqlite_version(*)[0m
  [4;35;1mSQL (0.2ms)[0m   [0m SELECT name
 FROM sqlite_master
 WHERE type = 'table' AND NOT name = 'sqlite_sequence'
[0m
  [4;36;1mSQL (1.9ms)[0m   [0;1mCREATE TABLE "lists" ("id" INTEGER PRIMARY KEY AUTOINCREMENT NOT NULL, "title" varchar(255), "created_at" datetime, "updated_at" datetime) [0m
  [4;35;1mSQL (0.2ms)[0m   [0m SELECT name
 FROM sqlite_master
 WHERE type = 'table' AND NOT name = 'sqlite_sequence'
[0m
  [4;36;1mSQL (1.3ms)[0m   [0;1mCREATE TABLE "todos" ("id" INTEGER PRIMARY KEY AUTOINCREMENT NOT NULL, "title" varchar(255), "note" text, "due_by" datetime, "complete" boolean, "created_at" datetime, "updated_at" datetime) [0m
  [4;35;1mSQL (0.2ms)[0m   [0m SELECT name
 FROM sqlite_master
 WHERE type = 'table' AND NOT name = 'sqlite_sequence'
[0m
  [4;36;1mSQL (1.4ms)[0m   [0;1mCREATE TABLE "schema_migrations" ("version" varchar(255) NOT NULL) [0m
  [4;35;1mSQL (1.4ms)[0m   [0mCREATE UNIQUE INDEX "unique_schema_migrations" ON "schema_migrations" ("version")[0m
  [4;36;1mSQL (0.2ms)[0m   [0;1m SELECT name
 FROM sqlite_master
 WHERE type = 'table' AND NOT name = 'sqlite_sequence'
[0m
  [4;35;1mSQL (0.1ms)[0m   [0mSELECT version FROM "schema_migrations"[0m
  [4;36;1mSQL (1.4ms)[0m   [0;1mINSERT INTO "schema_migrations" (version) VALUES ('20090227002134')[0m
  [4;35;1mSQL (1.5ms)[0m   [0mINSERT INTO "schema_migrations" (version) VALUES ('20090226234945')[0m
  [4;36;1mSQL (0.5ms)[0m   [0;1m SELECT name
 FROM sqlite_master
 WHERE type = 'table' AND NOT name = 'sqlite_sequence'
[0m
  [4;35;1mSQL (0.2ms)[0m   [0mSELECT version FROM schema_migrations[0m
Migrating to CreateTodos (20090226234945)
Migrating to CreateLists (20090227002134)
Migrating to AddListIdToTodos (20090227004704)
  [4;36;1mSQL (0.1ms)[0m   [0;1mselect sqlite_version(*)[0m
  [4;35;1mSQL (1.9ms)[0m   [0mALTER TABLE "todos" ADD "list_id" integer[0m
  [4;36;1mSQL (59.7ms)[0m   [0;1mVACUUM[0m
  [4;35;1mSQL (2.5ms)[0m   [0mINSERT INTO schema_migrations (version) VALUES ('20090227004704')[0m
  [4;36;1mSQL (0.6ms)[0m   [0;1m SELECT name
 FROM sqlite_master
 WHERE type = 'table' AND NOT name = 'sqlite_sequence'
[0m
  [4;35;1mSQL (0.4ms)[0m   [0mSELECT version FROM schema_migrations[0m
  [4;36;1mSQL (0.5ms)[0m   [0;1m SELECT name
 FROM sqlite_master
 WHERE type = 'table' AND NOT name = 'sqlite_sequence'
[0m
  [4;35;1mSQL (0.1ms)[0m   [0mPRAGMA index_list("lists")[0m
  [4;36;1mSQL (0.1ms)[0m   [0;1mPRAGMA index_list("todos")[0m
  [4;36;1mSQL (0.5ms)[0m   [0;1m SELECT name
 FROM sqlite_master
 WHERE type = 'table' AND NOT name = 'sqlite_sequence'
[0m
  [4;35;1mSQL (0.2ms)[0m   [0mSELECT version FROM schema_migrations[0m
  [4;36;1mSQL (0.1ms)[0m   [0;1mselect sqlite_version(*)[0m
  [4;35;1mSQL (0.2ms)[0m   [0m SELECT name
 FROM sqlite_master
 WHERE type = 'table' AND NOT name = 'sqlite_sequence'
[0m
  [4;36;1mSQL (1.7ms)[0m   [0;1mCREATE TABLE "lists" ("id" INTEGER PRIMARY KEY AUTOINCREMENT NOT NULL, "title" varchar(255), "created_at" datetime, "updated_at" datetime) [0m
  [4;35;1mSQL (0.2ms)[0m   [0m SELECT name
 FROM sqlite_master
 WHERE type = 'table' AND NOT name = 'sqlite_sequence'
[0m
  [4;36;1mSQL (1.4ms)[0m   [0;1mCREATE TABLE "todos" ("id" INTEGER PRIMARY KEY AUTOINCREMENT NOT NULL, "title" varchar(255), "note" text, "due_by" datetime, "complete" boolean, "created_at" datetime, "updated_at" datetime, "list_id" integer) [0m
  [4;35;1mSQL (0.2ms)[0m   [0m SELECT name
 FROM sqlite_master
 WHERE type = 'table' AND NOT name = 'sqlite_sequence'
[0m
  [4;36;1mSQL (1.4ms)[0m   [0;1mCREATE TABLE "schema_migrations" ("version" varchar(255) NOT NULL) [0m
  [4;35;1mSQL (1.4ms)[0m   [0mCREATE UNIQUE INDEX "unique_schema_migrations" ON "schema_migrations" ("version")[0m
  [4;36;1mSQL (0.2ms)[0m   [0;1m SELECT name
 FROM sqlite_master
 WHERE type = 'table' AND NOT name = 'sqlite_sequence'
[0m
  [4;35;1mSQL (0.1ms)[0m   [0mSELECT version FROM "schema_migrations"[0m
  [4;36;1mSQL (1.3ms)[0m   [0;1mINSERT INTO "schema_migrations" (version) VALUES ('20090227004704')[0m
  [4;35;1mSQL (1.3ms)[0m   [0mINSERT INTO "schema_migrations" (version) VALUES ('20090226234945')[0m
  [4;36;1mSQL (1.1ms)[0m   [0;1mINSERT INTO "schema_migrations" (version) VALUES ('20090227002134')[0m
  [4;36;1mSQL (0.5ms)[0m   [0;1m SELECT name
 FROM sqlite_master
 WHERE type = 'table' AND NOT name = 'sqlite_sequence'
[0m
  [4;35;1mSQL (0.2ms)[0m   [0mSELECT version FROM schema_migrations[0m
  [4;36;1mSQL (0.1ms)[0m   [0;1mselect sqlite_version(*)[0m
  [4;35;1mSQL (0.2ms)[0m   [0m SELECT name
 FROM sqlite_master
 WHERE type = 'table' AND NOT name = 'sqlite_sequence'
[0m
  [4;36;1mSQL (2.0ms)[0m   [0;1mCREATE TABLE "lists" ("id" INTEGER PRIMARY KEY AUTOINCREMENT NOT NULL, "title" varchar(255), "created_at" datetime, "updated_at" datetime) [0m
  [4;35;1mSQL (0.2ms)[0m   [0m SELECT name
 FROM sqlite_master
 WHERE type = 'table' AND NOT name = 'sqlite_sequence'
[0m
  [4;36;1mSQL (1.0ms)[0m   [0;1mCREATE TABLE "todos" ("id" INTEGER PRIMARY KEY AUTOINCREMENT NOT NULL, "title" varchar(255), "note" text, "due_by" datetime, "complete" boolean, "created_at" datetime, "updated_at" datetime, "list_id" integer) [0m
  [4;35;1mSQL (0.2ms)[0m   [0m SELECT name
 FROM sqlite_master
 WHERE type = 'table' AND NOT name = 'sqlite_sequence'
[0m
  [4;36;1mSQL (1.7ms)[0m   [0;1mCREATE TABLE "schema_migrations" ("version" varchar(255) NOT NULL) [0m
  [4;35;1mSQL (2.0ms)[0m   [0mCREATE UNIQUE INDEX "unique_schema_migrations" ON "schema_migrations" ("version")[0m
  [4;36;1mSQL (0.5ms)[0m   [0;1m SELECT name
 FROM sqlite_master
 WHERE type = 'table' AND NOT name = 'sqlite_sequence'
[0m
  [4;35;1mSQL (0.2ms)[0m   [0mSELECT version FROM "schema_migrations"[0m
  [4;36;1mSQL (2.1ms)[0m   [0;1mINSERT INTO "schema_migrations" (version) VALUES ('20090227004704')[0m
  [4;35;1mSQL (2.0ms)[0m   [0mINSERT INTO "schema_migrations" (version) VALUES ('20090226234945')[0m
  [4;36;1mSQL (1.9ms)[0m   [0;1mINSERT INTO "schema_migrations" (version) VALUES ('20090227002134')[0m
  [4;36;1mSQL (0.5ms)[0m   [0;1m SELECT name
 FROM sqlite_master
 WHERE type = 'table' AND NOT name = 'sqlite_sequence'
[0m
  [4;35;1mSQL (0.2ms)[0m   [0mSELECT version FROM schema_migrations[0m
  [4;36;1mSQL (0.1ms)[0m   [0;1mselect sqlite_version(*)[0m
  [4;35;1mSQL (0.2ms)[0m   [0m SELECT name
 FROM sqlite_master
 WHERE type = 'table' AND NOT name = 'sqlite_sequence'
[0m
  [4;36;1mSQL (1.8ms)[0m   [0;1mCREATE TABLE "lists" ("id" INTEGER PRIMARY KEY AUTOINCREMENT NOT NULL, "title" varchar(255), "created_at" datetime, "updated_at" datetime) [0m
  [4;35;1mSQL (0.2ms)[0m   [0m SELECT name
 FROM sqlite_master
 WHERE type = 'table' AND NOT name = 'sqlite_sequence'
[0m
  [4;36;1mSQL (1.4ms)[0m   [0;1mCREATE TABLE "todos" ("id" INTEGER PRIMARY KEY AUTOINCREMENT NOT NULL, "title" varchar(255), "note" text, "due_by" datetime, "complete" boolean, "created_at" datetime, "updated_at" datetime, "list_id" integer) [0m
  [4;35;1mSQL (0.2ms)[0m   [0m SELECT name
 FROM sqlite_master
 WHERE type = 'table' AND NOT name = 'sqlite_sequence'
[0m
  [4;36;1mSQL (1.5ms)[0m   [0;1mCREATE TABLE "schema_migrations" ("version" varchar(255) NOT NULL) [0m
  [4;35;1mSQL (2.0ms)[0m   [0mCREATE UNIQUE INDEX "unique_schema_migrations" ON "schema_migrations" ("version")[0m
  [4;36;1mSQL (0.5ms)[0m   [0;1m SELECT name
 FROM sqlite_master
 WHERE type = 'table' AND NOT name = 'sqlite_sequence'
[0m
  [4;35;1mSQL (0.2ms)[0m   [0mSELECT version FROM "schema_migrations"[0m
  [4;36;1mSQL (1.7ms)[0m   [0;1mINSERT INTO "schema_migrations" (version) VALUES ('20090227004704')[0m
  [4;35;1mSQL (1.4ms)[0m   [0mINSERT INTO "schema_migrations" (version) VALUES ('20090226234945')[0m
  [4;36;1mSQL (1.4ms)[0m   [0;1mINSERT INTO "schema_migrations" (version) VALUES ('20090227002134')[0m


Processing ApplicationController#index (for 127.0.0.1 at 2009-02-27 13:18:15) [GET]

ActionController::RoutingError (No route matches "/todos" with {:method=>:get}):
  actionpack (2.3.0) lib/action_controller/routing/recognition_optimisation.rb:66:in `recognize_path'
  actionpack (2.3.0) lib/action_controller/routing/route_set.rb:437:in `recognize'
  actionpack (2.3.0) lib/action_controller/routing/route_set.rb:432:in `call'
  actionpack (2.3.0) lib/action_controller/dispatcher.rb:65:in `dispatch'
  actionpack (2.3.0) lib/action_controller/dispatcher.rb:88:in `_call'
  actionpack (2.3.0) lib/action_controller/dispatcher.rb:59:in `initialize'
  activerecord (2.3.0) lib/active_record/query_cache.rb:29:in `call'
  activerecord (2.3.0) lib/active_record/query_cache.rb:29:in `call'
  activerecord (2.3.0) lib/active_record/connection_adapters/abstract/query_cache.rb:34:in `cache'
  activerecord (2.3.0) lib/active_record/query_cache.rb:9:in `cache'
  activerecord (2.3.0) lib/active_record/query_cache.rb:28:in `call'
  actionpack (2.3.0) lib/action_controller/params_parser.rb:15:in `call'
  actionpack (2.3.0) lib/action_controller/rewindable_input.rb:25:in `call'
  actionpack (2.3.0) lib/action_controller/session/cookie_store.rb:93:in `call'
  actionpack (2.3.0) lib/action_controller/failsafe.rb:11:in `call'
  actionpack (2.3.0) lib/action_controller/rack_ext/lock.rb:15:in `call'
  actionpack (2.3.0) lib/action_controller/rack_ext/lock.rb:15:in `synchronize'
  actionpack (2.3.0) lib/action_controller/rack_ext/lock.rb:15:in `call'
  actionpack (2.3.0) lib/action_controller/dispatcher.rb:83:in `call'
  rails (2.3.0) lib/rails/rack/static.rb:27:in `call'
  rails (2.3.0) lib/rails/rack/log_tailer.rb:17:in `call'
  rails (2.3.0) lib/commands/server.rb:100

Rendering rescues/layout (not_found)


Processing ListsController#index (for 127.0.0.1 at 2009-02-27 13:18:19) [GET]
  [4;36;1mList Load (0.6ms)[0m   [0;1mSELECT * FROM "lists" [0m
Rendering template within layouts/lists
Rendering lists/index
Completed in 29ms (View: 16, DB: 1) | 200 OK [http://localhost/lists]


Processing ListsController#new (for 127.0.0.1 at 2009-02-27 13:18:24) [GET]
Rendering template within layouts/lists
Rendering lists/new
Completed in 130ms (View: 118, DB: 0) | 200 OK [http://localhost/lists/new]


Processing ListsController#create (for 127.0.0.1 at 2009-02-27 13:18:26) [POST]
  Parameters: {"commit"=>"Create", "list"=>{"title"=>""}, "authenticity_token"=>"GRUvCcSsXbyuj5Udz4FxiEQF84AxLzyOOaZBmK+xvQk="}
  [4;35;1mList Exists (0.2ms)[0m   [0mSELECT "lists".id FROM "lists" WHERE ("lists"."title" = '') LIMIT 1[0m
Rendering template within layouts/lists
Rendering lists/new
Completed in 23ms (View: 12, DB: 0) | 200 OK [http://localhost/lists]


Processing ListsController#create (for 127.0.0.1 at 2009-02-27 13:18:36) [POST]
  Parameters: {"commit"=>"Create", "list"=>{"title"=>"my awesome shopping list"}, "authenticity_token"=>"GRUvCcSsXbyuj5Udz4FxiEQF84AxLzyOOaZBmK+xvQk="}
  [4;36;1mList Exists (0.1ms)[0m   [0;1mSELECT "lists".id FROM "lists" WHERE ("lists"."title" = 'my awesome shopping list') LIMIT 1[0m
  [4;35;1mList Create (0.9ms)[0m   [0mINSERT INTO "lists" ("updated_at", "title", "created_at") VALUES('2009-02-27 02:18:36', 'my awesome shopping list', '2009-02-27 02:18:36')[0m
Redirected to #<List:0x23ebd70>
Completed in 34ms (DB: 1) | 302 Found [http://localhost/lists]


Processing ListsController#show (for 127.0.0.1 at 2009-02-27 13:18:36) [GET]
  Parameters: {"id"=>"2"}
  [4;36;1mList Load (0.2ms)[0m   [0;1mSELECT * FROM "lists" WHERE ("lists"."id" = 2) [0m
Rendering template within layouts/lists
Rendering lists/show
Completed in 19ms (View: 13, DB: 0) | 200 OK [http://localhost/lists/2]


Processing TodosController#index (for 127.0.0.1 at 2009-02-27 13:18:47) [GET]
  Parameters: {"list_id"=>"2"}
  [4;35;1mTodo Load (0.8ms)[0m   [0mSELECT * FROM "todos" [0m
Rendering template within layouts/todos
Rendering todos/index

ActionView::TemplateError (undefined method `todo_path' for #<ActionView::Base:0x2285274>) on line #17 of app/views/todos/index.html.erb:
14:     <td><%=h todo.note %></td>
15:     <td><%=h todo.due_by %></td>
16:     <td><%=h todo.complete %></td>
17:     <td><%= link_to 'Show', todo %></td>
18:     <td><%= link_to 'Edit', edit_todo_path(todo) %></td>
19:     <td><%= link_to 'Destroy', todo, :confirm => 'Are you sure?', :method => :delete %></td>
20:   </tr>

    actionpack (2.3.0) lib/action_controller/polymorphic_routes.rb:109:in `__send__'
    actionpack (2.3.0) lib/action_controller/polymorphic_routes.rb:109:in `polymorphic_url'
    actionpack (2.3.0) lib/action_controller/polymorphic_routes.rb:116:in `polymorphic_path'
    actionpack (2.3.0) lib/action_view/helpers/url_helper.rb:91:in `url_for'
    actionpack (2.3.0) lib/action_view/helpers/url_helper.rb:228:in `link_to'
    app/views/todos/index.html.erb:17
    app/views/todos/index.html.erb:11:in `each'
    app/views/todos/index.html.erb:11
    actionpack (2.3.0) lib/action_view/renderable.rb:35:in `send'
    actionpack (2.3.0) lib/action_view/renderable.rb:35:in `render'
    actionpack (2.3.0) lib/action_view/template.rb:182:in `render_template'
    actionpack (2.3.0) lib/action_view/base.rb:247:in `render'
    actionpack (2.3.0) lib/action_view/base.rb:318:in `_render_with_layout'
    actionpack (2.3.0) lib/action_view/base.rb:244:in `render'
    actionpack (2.3.0) lib/action_controller/base.rb:1180:in `render_for_file'
    actionpack (2.3.0) lib/action_controller/base.rb:912:in `render_without_benchmark'
    actionpack (2.3.0) lib/action_controller/benchmarking.rb:51:in `render'
    actionpack (2.3.0) lib/action_controller/benchmarking.rb:51:in `render'
    actionpack (2.3.0) lib/action_controller/mime_responds.rb:135:in `send'
    actionpack (2.3.0) lib/action_controller/mime_responds.rb:135:in `custom'
    actionpack (2.3.0) lib/action_controller/mime_responds.rb:179:in `call'
    actionpack (2.3.0) lib/action_controller/mime_responds.rb:179:in `respond'
    actionpack (2.3.0) lib/action_controller/mime_responds.rb:173:in `each'
    actionpack (2.3.0) lib/action_controller/mime_responds.rb:173:in `respond'
    actionpack (2.3.0) lib/action_controller/mime_responds.rb:107:in `respond_to'
    app/controllers/todos_controller.rb:7:in `index'
    actionpack (2.3.0) lib/action_controller/base.rb:1261:in `send'
    actionpack (2.3.0) lib/action_controller/base.rb:1261:in `perform_action_without_filters'
    actionpack (2.3.0) lib/action_controller/filters.rb:617:in `call_filters'
    actionpack (2.3.0) lib/action_controller/filters.rb:610:in `perform_action_without_benchmark'
    actionpack (2.3.0) lib/action_controller/benchmarking.rb:68:in `perform_action_without_rescue'
    actionpack (2.3.0) lib/action_controller/benchmarking.rb:68:in `perform_action_without_rescue'
    actionpack (2.3.0) lib/action_controller/rescue.rb:154:in `perform_action_without_flash'
    actionpack (2.3.0) lib/action_controller/flash.rb:141:in `perform_action'
    actionpack (2.3.0) lib/action_controller/base.rb:523:in `send'
    actionpack (2.3.0) lib/action_controller/base.rb:523:in `process_without_filters'
    actionpack (2.3.0) lib/action_controller/filters.rb:606:in `process'
    actionpack (2.3.0) lib/action_controller/base.rb:391:in `process'
    actionpack (2.3.0) lib/action_controller/base.rb:386:in `call'
    actionpack (2.3.0) lib/action_controller/routing/route_set.rb:433:in `call'
    actionpack (2.3.0) lib/action_controller/dispatcher.rb:65:in `dispatch'
    actionpack (2.3.0) lib/action_controller/dispatcher.rb:88:in `_call'
    actionpack (2.3.0) lib/action_controller/dispatcher.rb:59:in `initialize'
    activerecord (2.3.0) lib/active_record/query_cache.rb:29:in `call'
    activerecord (2.3.0) lib/active_record/query_cache.rb:29:in `call'
    activerecord (2.3.0) lib/active_record/connection_adapters/abstract/query_cache.rb:34:in `cache'
    activerecord (2.3.0) lib/active_record/query_cache.rb:9:in `cache'
    activerecord (2.3.0) lib/active_record/query_cache.rb:28:in `call'
    actionpack (2.3.0) lib/action_controller/params_parser.rb:15:in `call'
    actionpack (2.3.0) lib/action_controller/rewindable_input.rb:25:in `call'
    actionpack (2.3.0) lib/action_controller/session/cookie_store.rb:93:in `call'
    actionpack (2.3.0) lib/action_controller/failsafe.rb:11:in `call'
    actionpack (2.3.0) lib/action_controller/rack_ext/lock.rb:15:in `call'
    actionpack (2.3.0) lib/action_controller/rack_ext/lock.rb:15:in `synchronize'
    actionpack (2.3.0) lib/action_controller/rack_ext/lock.rb:15:in `call'
    actionpack (2.3.0) lib/action_controller/dispatcher.rb:83:in `call'
    rails (2.3.0) lib/rails/rack/static.rb:27:in `call'
    rails (2.3.0) lib/rails/rack/log_tailer.rb:17:in `call'
    rails (2.3.0) lib/commands/server.rb:100

Rendered rescues/_trace (206.4ms)
Rendered rescues/_request_and_response (2.2ms)
Rendering rescues/layout (internal_server_error)


Processing TodosController#index (for 127.0.0.1 at 2009-02-27 13:20:49) [GET]
  Parameters: {"list_id"=>"2"}
  [4;36;1mTodo Load (0.5ms)[0m   [0;1mSELECT * FROM "todos" [0m
Rendering template within layouts/todos
Rendering todos/index

ActionView::TemplateError (undefined method `lists_todo' for #<ActionView::Base:0x24b3ac8>) on line #17 of app/views/todos/index.html.erb:
14:     <td><%=h todo.note %></td>
15:     <td><%=h todo.due_by %></td>
16:     <td><%=h todo.complete %></td>
17:     <td><%= link_to 'Show', lists_todo(@list) %></td>
18:     <td><%= link_to 'Edit', edit_lists_todo_path(@list, todo) %></td>
19:     <td><%= link_to 'Destroy', lists_todo(@list), :confirm => 'Are you sure?', :method => :delete %></td>
20:   </tr>

    app/views/todos/index.html.erb:17
    app/views/todos/index.html.erb:11:in `each'
    app/views/todos/index.html.erb:11
    actionpack (2.3.0) lib/action_view/renderable.rb:35:in `send'
    actionpack (2.3.0) lib/action_view/renderable.rb:35:in `render'
    actionpack (2.3.0) lib/action_view/template.rb:182:in `render_template'
    actionpack (2.3.0) lib/action_view/base.rb:247:in `render'
    actionpack (2.3.0) lib/action_view/base.rb:318:in `_render_with_layout'
    actionpack (2.3.0) lib/action_view/base.rb:244:in `render'
    actionpack (2.3.0) lib/action_controller/base.rb:1180:in `render_for_file'
    actionpack (2.3.0) lib/action_controller/base.rb:912:in `render_without_benchmark'
    actionpack (2.3.0) lib/action_controller/benchmarking.rb:51:in `render'
    actionpack (2.3.0) lib/action_controller/benchmarking.rb:51:in `render'
    actionpack (2.3.0) lib/action_controller/mime_responds.rb:135:in `send'
    actionpack (2.3.0) lib/action_controller/mime_responds.rb:135:in `custom'
    actionpack (2.3.0) lib/action_controller/mime_responds.rb:179:in `call'
    actionpack (2.3.0) lib/action_controller/mime_responds.rb:179:in `respond'
    actionpack (2.3.0) lib/action_controller/mime_responds.rb:173:in `each'
    actionpack (2.3.0) lib/action_controller/mime_responds.rb:173:in `respond'
    actionpack (2.3.0) lib/action_controller/mime_responds.rb:107:in `respond_to'
    app/controllers/todos_controller.rb:7:in `index'
    actionpack (2.3.0) lib/action_controller/base.rb:1261:in `send'
    actionpack (2.3.0) lib/action_controller/base.rb:1261:in `perform_action_without_filters'
    actionpack (2.3.0) lib/action_controller/filters.rb:617:in `call_filters'
    actionpack (2.3.0) lib/action_controller/filters.rb:610:in `perform_action_without_benchmark'
    actionpack (2.3.0) lib/action_controller/benchmarking.rb:68:in `perform_action_without_rescue'
    actionpack (2.3.0) lib/action_controller/benchmarking.rb:68:in `perform_action_without_rescue'
    actionpack (2.3.0) lib/action_controller/rescue.rb:154:in `perform_action_without_flash'
    actionpack (2.3.0) lib/action_controller/flash.rb:141:in `perform_action'
    actionpack (2.3.0) lib/action_controller/base.rb:523:in `send'
    actionpack (2.3.0) lib/action_controller/base.rb:523:in `process_without_filters'
    actionpack (2.3.0) lib/action_controller/filters.rb:606:in `process'
    actionpack (2.3.0) lib/action_controller/base.rb:391:in `process'
    actionpack (2.3.0) lib/action_controller/base.rb:386:in `call'
    actionpack (2.3.0) lib/action_controller/routing/route_set.rb:433:in `call'
    actionpack (2.3.0) lib/action_controller/dispatcher.rb:65:in `dispatch'
    actionpack (2.3.0) lib/action_controller/dispatcher.rb:88:in `_call'
    actionpack (2.3.0) lib/action_controller/dispatcher.rb:59:in `initialize'
    activerecord (2.3.0) lib/active_record/query_cache.rb:29:in `call'
    activerecord (2.3.0) lib/active_record/query_cache.rb:29:in `call'
    activerecord (2.3.0) lib/active_record/connection_adapters/abstract/query_cache.rb:34:in `cache'
    activerecord (2.3.0) lib/active_record/query_cache.rb:9:in `cache'
    activerecord (2.3.0) lib/active_record/query_cache.rb:28:in `call'
    actionpack (2.3.0) lib/action_controller/params_parser.rb:15:in `call'
    actionpack (2.3.0) lib/action_controller/rewindable_input.rb:25:in `call'
    actionpack (2.3.0) lib/action_controller/session/cookie_store.rb:93:in `call'
    actionpack (2.3.0) lib/action_controller/failsafe.rb:11:in `call'
    actionpack (2.3.0) lib/action_controller/rack_ext/lock.rb:15:in `call'
    actionpack (2.3.0) lib/action_controller/rack_ext/lock.rb:15:in `synchronize'
    actionpack (2.3.0) lib/action_controller/rack_ext/lock.rb:15:in `call'
    actionpack (2.3.0) lib/action_controller/dispatcher.rb:83:in `call'
    rails (2.3.0) lib/rails/rack/static.rb:27:in `call'
    rails (2.3.0) lib/rails/rack/log_tailer.rb:17:in `call'
    rails (2.3.0) lib/commands/server.rb:100

Rendered rescues/_trace (38.3ms)
Rendered rescues/_request_and_response (0.2ms)
Rendering rescues/layout (internal_server_error)


Processing TodosController#index (for 127.0.0.1 at 2009-02-27 13:20:52) [GET]
  Parameters: {"list_id"=>"2"}
  [4;35;1mTodo Load (1.1ms)[0m   [0mSELECT * FROM "todos" [0m
Rendering template within layouts/todos
Rendering todos/index

ActionView::TemplateError (undefined method `lists_todo' for #<ActionView::Base:0x2225194>) on line #17 of app/views/todos/index.html.erb:
14:     <td><%=h todo.note %></td>
15:     <td><%=h todo.due_by %></td>
16:     <td><%=h todo.complete %></td>
17:     <td><%= link_to 'Show', lists_todo(@list) %></td>
18:     <td><%= link_to 'Edit', edit_lists_todo_path(@list, todo) %></td>
19:     <td><%= link_to 'Destroy', lists_todo(@list), :confirm => 'Are you sure?', :method => :delete %></td>
20:   </tr>

    app/views/todos/index.html.erb:17
    app/views/todos/index.html.erb:11:in `each'
    app/views/todos/index.html.erb:11
    actionpack (2.3.0) lib/action_view/renderable.rb:35:in `send'
    actionpack (2.3.0) lib/action_view/renderable.rb:35:in `render'
    actionpack (2.3.0) lib/action_view/template.rb:182:in `render_template'
    actionpack (2.3.0) lib/action_view/base.rb:247:in `render'
    actionpack (2.3.0) lib/action_view/base.rb:318:in `_render_with_layout'
    actionpack (2.3.0) lib/action_view/base.rb:244:in `render'
    actionpack (2.3.0) lib/action_controller/base.rb:1180:in `render_for_file'
    actionpack (2.3.0) lib/action_controller/base.rb:912:in `render_without_benchmark'
    actionpack (2.3.0) lib/action_controller/benchmarking.rb:51:in `render'
    actionpack (2.3.0) lib/action_controller/benchmarking.rb:51:in `render'
    actionpack (2.3.0) lib/action_controller/mime_responds.rb:135:in `send'
    actionpack (2.3.0) lib/action_controller/mime_responds.rb:135:in `custom'
    actionpack (2.3.0) lib/action_controller/mime_responds.rb:179:in `call'
    actionpack (2.3.0) lib/action_controller/mime_responds.rb:179:in `respond'
    actionpack (2.3.0) lib/action_controller/mime_responds.rb:173:in `each'
    actionpack (2.3.0) lib/action_controller/mime_responds.rb:173:in `respond'
    actionpack (2.3.0) lib/action_controller/mime_responds.rb:107:in `respond_to'
    app/controllers/todos_controller.rb:7:in `index'
    actionpack (2.3.0) lib/action_controller/base.rb:1261:in `send'
    actionpack (2.3.0) lib/action_controller/base.rb:1261:in `perform_action_without_filters'
    actionpack (2.3.0) lib/action_controller/filters.rb:617:in `call_filters'
    actionpack (2.3.0) lib/action_controller/filters.rb:610:in `perform_action_without_benchmark'
    actionpack (2.3.0) lib/action_controller/benchmarking.rb:68:in `perform_action_without_rescue'
    actionpack (2.3.0) lib/action_controller/benchmarking.rb:68:in `perform_action_without_rescue'
    actionpack (2.3.0) lib/action_controller/rescue.rb:154:in `perform_action_without_flash'
    actionpack (2.3.0) lib/action_controller/flash.rb:141:in `perform_action'
    actionpack (2.3.0) lib/action_controller/base.rb:523:in `send'
    actionpack (2.3.0) lib/action_controller/base.rb:523:in `process_without_filters'
    actionpack (2.3.0) lib/action_controller/filters.rb:606:in `process'
    actionpack (2.3.0) lib/action_controller/base.rb:391:in `process'
    actionpack (2.3.0) lib/action_controller/base.rb:386:in `call'
    actionpack (2.3.0) lib/action_controller/routing/route_set.rb:433:in `call'
    actionpack (2.3.0) lib/action_controller/dispatcher.rb:65:in `dispatch'
    actionpack (2.3.0) lib/action_controller/dispatcher.rb:88:in `_call'
    actionpack (2.3.0) lib/action_controller/dispatcher.rb:59:in `initialize'
    activerecord (2.3.0) lib/active_record/query_cache.rb:29:in `call'
    activerecord (2.3.0) lib/active_record/query_cache.rb:29:in `call'
    activerecord (2.3.0) lib/active_record/connection_adapters/abstract/query_cache.rb:34:in `cache'
    activerecord (2.3.0) lib/active_record/query_cache.rb:9:in `cache'
    activerecord (2.3.0) lib/active_record/query_cache.rb:28:in `call'
    actionpack (2.3.0) lib/action_controller/params_parser.rb:15:in `call'
    actionpack (2.3.0) lib/action_controller/rewindable_input.rb:25:in `call'
    actionpack (2.3.0) lib/action_controller/session/cookie_store.rb:93:in `call'
    actionpack (2.3.0) lib/action_controller/failsafe.rb:11:in `call'
    actionpack (2.3.0) lib/action_controller/rack_ext/lock.rb:15:in `call'
    actionpack (2.3.0) lib/action_controller/rack_ext/lock.rb:15:in `synchronize'
    actionpack (2.3.0) lib/action_controller/rack_ext/lock.rb:15:in `call'
    actionpack (2.3.0) lib/action_controller/dispatcher.rb:83:in `call'
    rails (2.3.0) lib/rails/rack/static.rb:27:in `call'
    rails (2.3.0) lib/rails/rack/log_tailer.rb:17:in `call'
    rails (2.3.0) lib/commands/server.rb:100

Rendered rescues/_trace (109.5ms)
Rendered rescues/_request_and_response (0.3ms)
Rendering rescues/layout (internal_server_error)


Processing TodosController#index (for 127.0.0.1 at 2009-02-27 13:20:53) [GET]
  Parameters: {"list_id"=>"2"}
  [4;36;1mTodo Load (1.2ms)[0m   [0;1mSELECT * FROM "todos" [0m
Rendering template within layouts/todos
Rendering todos/index

ActionView::TemplateError (undefined method `lists_todo' for #<ActionView::Base:0x249a3d4>) on line #17 of app/views/todos/index.html.erb:
14:     <td><%=h todo.note %></td>
15:     <td><%=h todo.due_by %></td>
16:     <td><%=h todo.complete %></td>
17:     <td><%= link_to 'Show', lists_todo(@list) %></td>
18:     <td><%= link_to 'Edit', edit_lists_todo_path(@list, todo) %></td>
19:     <td><%= link_to 'Destroy', lists_todo(@list), :confirm => 'Are you sure?', :method => :delete %></td>
20:   </tr>

    app/views/todos/index.html.erb:17
    app/views/todos/index.html.erb:11:in `each'
    app/views/todos/index.html.erb:11
    actionpack (2.3.0) lib/action_view/renderable.rb:35:in `send'
    actionpack (2.3.0) lib/action_view/renderable.rb:35:in `render'
    actionpack (2.3.0) lib/action_view/template.rb:182:in `render_template'
    actionpack (2.3.0) lib/action_view/base.rb:247:in `render'
    actionpack (2.3.0) lib/action_view/base.rb:318:in `_render_with_layout'
    actionpack (2.3.0) lib/action_view/base.rb:244:in `render'
    actionpack (2.3.0) lib/action_controller/base.rb:1180:in `render_for_file'
    actionpack (2.3.0) lib/action_controller/base.rb:912:in `render_without_benchmark'
    actionpack (2.3.0) lib/action_controller/benchmarking.rb:51:in `render'
    actionpack (2.3.0) lib/action_controller/benchmarking.rb:51:in `render'
    actionpack (2.3.0) lib/action_controller/mime_responds.rb:135:in `send'
    actionpack (2.3.0) lib/action_controller/mime_responds.rb:135:in `custom'
    actionpack (2.3.0) lib/action_controller/mime_responds.rb:179:in `call'
    actionpack (2.3.0) lib/action_controller/mime_responds.rb:179:in `respond'
    actionpack (2.3.0) lib/action_controller/mime_responds.rb:173:in `each'
    actionpack (2.3.0) lib/action_controller/mime_responds.rb:173:in `respond'
    actionpack (2.3.0) lib/action_controller/mime_responds.rb:107:in `respond_to'
    app/controllers/todos_controller.rb:7:in `index'
    actionpack (2.3.0) lib/action_controller/base.rb:1261:in `send'
    actionpack (2.3.0) lib/action_controller/base.rb:1261:in `perform_action_without_filters'
    actionpack (2.3.0) lib/action_controller/filters.rb:617:in `call_filters'
    actionpack (2.3.0) lib/action_controller/filters.rb:610:in `perform_action_without_benchmark'
    actionpack (2.3.0) lib/action_controller/benchmarking.rb:68:in `perform_action_without_rescue'
    actionpack (2.3.0) lib/action_controller/benchmarking.rb:68:in `perform_action_without_rescue'
    actionpack (2.3.0) lib/action_controller/rescue.rb:154:in `perform_action_without_flash'
    actionpack (2.3.0) lib/action_controller/flash.rb:141:in `perform_action'
    actionpack (2.3.0) lib/action_controller/base.rb:523:in `send'
    actionpack (2.3.0) lib/action_controller/base.rb:523:in `process_without_filters'
    actionpack (2.3.0) lib/action_controller/filters.rb:606:in `process'
    actionpack (2.3.0) lib/action_controller/base.rb:391:in `process'
    actionpack (2.3.0) lib/action_controller/base.rb:386:in `call'
    actionpack (2.3.0) lib/action_controller/routing/route_set.rb:433:in `call'
    actionpack (2.3.0) lib/action_controller/dispatcher.rb:65:in `dispatch'
    actionpack (2.3.0) lib/action_controller/dispatcher.rb:88:in `_call'
    actionpack (2.3.0) lib/action_controller/dispatcher.rb:59:in `initialize'
    activerecord (2.3.0) lib/active_record/query_cache.rb:29:in `call'
    activerecord (2.3.0) lib/active_record/query_cache.rb:29:in `call'
    activerecord (2.3.0) lib/active_record/connection_adapters/abstract/query_cache.rb:34:in `cache'
    activerecord (2.3.0) lib/active_record/query_cache.rb:9:in `cache'
    activerecord (2.3.0) lib/active_record/query_cache.rb:28:in `call'
    actionpack (2.3.0) lib/action_controller/params_parser.rb:15:in `call'
    actionpack (2.3.0) lib/action_controller/rewindable_input.rb:25:in `call'
    actionpack (2.3.0) lib/action_controller/session/cookie_store.rb:93:in `call'
    actionpack (2.3.0) lib/action_controller/failsafe.rb:11:in `call'
    actionpack (2.3.0) lib/action_controller/rack_ext/lock.rb:15:in `call'
    actionpack (2.3.0) lib/action_controller/rack_ext/lock.rb:15:in `synchronize'
    actionpack (2.3.0) lib/action_controller/rack_ext/lock.rb:15:in `call'
    actionpack (2.3.0) lib/action_controller/dispatcher.rb:83:in `call'
    rails (2.3.0) lib/rails/rack/static.rb:27:in `call'
    rails (2.3.0) lib/rails/rack/log_tailer.rb:17:in `call'
    rails (2.3.0) lib/commands/server.rb:100

Rendered rescues/_trace (62.4ms)
Rendered rescues/_request_and_response (0.3ms)
Rendering rescues/layout (internal_server_error)


Processing TodosController#index (for 127.0.0.1 at 2009-02-27 13:21:07) [GET]
  Parameters: {"list_id"=>"2"}
  [4;35;1mTodo Load (1.2ms)[0m   [0mSELECT * FROM "todos" [0m
Rendering template within layouts/todos
Rendering todos/index

ActionView::TemplateError (undefined method `lists_todo_path' for #<ActionView::Base:0x221c2c4>) on line #17 of app/views/todos/index.html.erb:
14:     <td><%=h todo.note %></td>
15:     <td><%=h todo.due_by %></td>
16:     <td><%=h todo.complete %></td>
17:     <td><%= link_to 'Show', lists_todo_path(@list) %></td>
18:     <td><%= link_to 'Edit', edit_lists_todo_path(@list, todo) %></td>
19:     <td><%= link_to 'Destroy', lists_todo(@list), :confirm => 'Are you sure?', :method => :delete %></td>
20:   </tr>

    app/views/todos/index.html.erb:17
    app/views/todos/index.html.erb:11:in `each'
    app/views/todos/index.html.erb:11
    actionpack (2.3.0) lib/action_view/renderable.rb:35:in `send'
    actionpack (2.3.0) lib/action_view/renderable.rb:35:in `render'
    actionpack (2.3.0) lib/action_view/template.rb:182:in `render_template'
    actionpack (2.3.0) lib/action_view/base.rb:247:in `render'
    actionpack (2.3.0) lib/action_view/base.rb:318:in `_render_with_layout'
    actionpack (2.3.0) lib/action_view/base.rb:244:in `render'
    actionpack (2.3.0) lib/action_controller/base.rb:1180:in `render_for_file'
    actionpack (2.3.0) lib/action_controller/base.rb:912:in `render_without_benchmark'
    actionpack (2.3.0) lib/action_controller/benchmarking.rb:51:in `render'
    actionpack (2.3.0) lib/action_controller/benchmarking.rb:51:in `render'
    actionpack (2.3.0) lib/action_controller/mime_responds.rb:135:in `send'
    actionpack (2.3.0) lib/action_controller/mime_responds.rb:135:in `custom'
    actionpack (2.3.0) lib/action_controller/mime_responds.rb:179:in `call'
    actionpack (2.3.0) lib/action_controller/mime_responds.rb:179:in `respond'
    actionpack (2.3.0) lib/action_controller/mime_responds.rb:173:in `each'
    actionpack (2.3.0) lib/action_controller/mime_responds.rb:173:in `respond'
    actionpack (2.3.0) lib/action_controller/mime_responds.rb:107:in `respond_to'
    app/controllers/todos_controller.rb:7:in `index'
    actionpack (2.3.0) lib/action_controller/base.rb:1261:in `send'
    actionpack (2.3.0) lib/action_controller/base.rb:1261:in `perform_action_without_filters'
    actionpack (2.3.0) lib/action_controller/filters.rb:617:in `call_filters'
    actionpack (2.3.0) lib/action_controller/filters.rb:610:in `perform_action_without_benchmark'
    actionpack (2.3.0) lib/action_controller/benchmarking.rb:68:in `perform_action_without_rescue'
    actionpack (2.3.0) lib/action_controller/benchmarking.rb:68:in `perform_action_without_rescue'
    actionpack (2.3.0) lib/action_controller/rescue.rb:154:in `perform_action_without_flash'
    actionpack (2.3.0) lib/action_controller/flash.rb:141:in `perform_action'
    actionpack (2.3.0) lib/action_controller/base.rb:523:in `send'
    actionpack (2.3.0) lib/action_controller/base.rb:523:in `process_without_filters'
    actionpack (2.3.0) lib/action_controller/filters.rb:606:in `process'
    actionpack (2.3.0) lib/action_controller/base.rb:391:in `process'
    actionpack (2.3.0) lib/action_controller/base.rb:386:in `call'
    actionpack (2.3.0) lib/action_controller/routing/route_set.rb:433:in `call'
    actionpack (2.3.0) lib/action_controller/dispatcher.rb:65:in `dispatch'
    actionpack (2.3.0) lib/action_controller/dispatcher.rb:88:in `_call'
    actionpack (2.3.0) lib/action_controller/dispatcher.rb:59:in `initialize'
    activerecord (2.3.0) lib/active_record/query_cache.rb:29:in `call'
    activerecord (2.3.0) lib/active_record/query_cache.rb:29:in `call'
    activerecord (2.3.0) lib/active_record/connection_adapters/abstract/query_cache.rb:34:in `cache'
    activerecord (2.3.0) lib/active_record/query_cache.rb:9:in `cache'
    activerecord (2.3.0) lib/active_record/query_cache.rb:28:in `call'
    actionpack (2.3.0) lib/action_controller/params_parser.rb:15:in `call'
    actionpack (2.3.0) lib/action_controller/rewindable_input.rb:25:in `call'
    actionpack (2.3.0) lib/action_controller/session/cookie_store.rb:93:in `call'
    actionpack (2.3.0) lib/action_controller/failsafe.rb:11:in `call'
    actionpack (2.3.0) lib/action_controller/rack_ext/lock.rb:15:in `call'
    actionpack (2.3.0) lib/action_controller/rack_ext/lock.rb:15:in `synchronize'
    actionpack (2.3.0) lib/action_controller/rack_ext/lock.rb:15:in `call'
    actionpack (2.3.0) lib/action_controller/dispatcher.rb:83:in `call'
    rails (2.3.0) lib/rails/rack/static.rb:27:in `call'
    rails (2.3.0) lib/rails/rack/log_tailer.rb:17:in `call'
    rails (2.3.0) lib/commands/server.rb:100

Rendered rescues/_trace (107.7ms)
Rendered rescues/_request_and_response (0.3ms)
Rendering rescues/layout (internal_server_error)


Processing TodosController#index (for 127.0.0.1 at 2009-02-27 13:21:27) [GET]
  Parameters: {"list_id"=>"2"}
  [4;36;1mTodo Load (0.5ms)[0m   [0;1mSELECT * FROM "todos" [0m
Rendering template within layouts/todos
Rendering todos/index

ActionView::TemplateError (list_todo_url failed to generate from {:controller=>"todos", :action=>"show", :list_id=>nil}, expected: {:controller=>"todos", :action=>"show"}, diff: {:list_id=>nil}) on line #17 of app/views/todos/index.html.erb:
14:     <td><%=h todo.note %></td>
15:     <td><%=h todo.due_by %></td>
16:     <td><%=h todo.complete %></td>
17:     <td><%= link_to 'Show', list_todo_path(@list) %></td>
18:     <td><%= link_to 'Edit', edit_list_todo_path(@list, todo) %></td>
19:     <td><%= link_to 'Destroy', list_todo_path(@list), :confirm => 'Are you sure?', :method => :delete %></td>
20:   </tr>

    actionpack (2.3.0) lib/action_controller/routing/route_set.rb:422:in `raise_named_route_error'
    actionpack (2.3.0) lib/action_controller/routing/route_set.rb:386:in `generate'
    actionpack (2.3.0) lib/action_controller/url_rewriter.rb:205:in `rewrite_path'
    actionpack (2.3.0) lib/action_controller/url_rewriter.rb:184:in `rewrite_url'
    actionpack (2.3.0) lib/action_controller/url_rewriter.rb:162:in `rewrite'
    actionpack (2.3.0) lib/action_controller/base.rb:625:in `url_for'
    actionpack (2.3.0) lib/action_view/helpers/url_helper.rb:85:in `send'
    actionpack (2.3.0) lib/action_view/helpers/url_helper.rb:85:in `url_for'
    (eval):16:in `list_todo_path'
    app/views/todos/index.html.erb:17
    app/views/todos/index.html.erb:11:in `each'
    app/views/todos/index.html.erb:11
    actionpack (2.3.0) lib/action_view/renderable.rb:35:in `send'
    actionpack (2.3.0) lib/action_view/renderable.rb:35:in `render'
    actionpack (2.3.0) lib/action_view/template.rb:182:in `render_template'
    actionpack (2.3.0) lib/action_view/base.rb:247:in `render'
    actionpack (2.3.0) lib/action_view/base.rb:318:in `_render_with_layout'
    actionpack (2.3.0) lib/action_view/base.rb:244:in `render'
    actionpack (2.3.0) lib/action_controller/base.rb:1180:in `render_for_file'
    actionpack (2.3.0) lib/action_controller/base.rb:912:in `render_without_benchmark'
    actionpack (2.3.0) lib/action_controller/benchmarking.rb:51:in `render'
    actionpack (2.3.0) lib/action_controller/benchmarking.rb:51:in `render'
    actionpack (2.3.0) lib/action_controller/mime_responds.rb:135:in `send'
    actionpack (2.3.0) lib/action_controller/mime_responds.rb:135:in `custom'
    actionpack (2.3.0) lib/action_controller/mime_responds.rb:179:in `call'
    actionpack (2.3.0) lib/action_controller/mime_responds.rb:179:in `respond'
    actionpack (2.3.0) lib/action_controller/mime_responds.rb:173:in `each'
    actionpack (2.3.0) lib/action_controller/mime_responds.rb:173:in `respond'
    actionpack (2.3.0) lib/action_controller/mime_responds.rb:107:in `respond_to'
    app/controllers/todos_controller.rb:7:in `index'
    actionpack (2.3.0) lib/action_controller/base.rb:1261:in `send'
    actionpack (2.3.0) lib/action_controller/base.rb:1261:in `perform_action_without_filters'
    actionpack (2.3.0) lib/action_controller/filters.rb:617:in `call_filters'
    actionpack (2.3.0) lib/action_controller/filters.rb:610:in `perform_action_without_benchmark'
    actionpack (2.3.0) lib/action_controller/benchmarking.rb:68:in `perform_action_without_rescue'
    actionpack (2.3.0) lib/action_controller/benchmarking.rb:68:in `perform_action_without_rescue'
    actionpack (2.3.0) lib/action_controller/rescue.rb:154:in `perform_action_without_flash'
    actionpack (2.3.0) lib/action_controller/flash.rb:141:in `perform_action'
    actionpack (2.3.0) lib/action_controller/base.rb:523:in `send'
    actionpack (2.3.0) lib/action_controller/base.rb:523:in `process_without_filters'
    actionpack (2.3.0) lib/action_controller/filters.rb:606:in `process'
    actionpack (2.3.0) lib/action_controller/base.rb:391:in `process'
    actionpack (2.3.0) lib/action_controller/base.rb:386:in `call'
    actionpack (2.3.0) lib/action_controller/routing/route_set.rb:433:in `call'
    actionpack (2.3.0) lib/action_controller/dispatcher.rb:65:in `dispatch'
    actionpack (2.3.0) lib/action_controller/dispatcher.rb:88:in `_call'
    actionpack (2.3.0) lib/action_controller/dispatcher.rb:59:in `initialize'
    activerecord (2.3.0) lib/active_record/query_cache.rb:29:in `call'
    activerecord (2.3.0) lib/active_record/query_cache.rb:29:in `call'
    activerecord (2.3.0) lib/active_record/connection_adapters/abstract/query_cache.rb:34:in `cache'
    activerecord (2.3.0) lib/active_record/query_cache.rb:9:in `cache'
    activerecord (2.3.0) lib/active_record/query_cache.rb:28:in `call'
    actionpack (2.3.0) lib/action_controller/params_parser.rb:15:in `call'
    actionpack (2.3.0) lib/action_controller/rewindable_input.rb:25:in `call'
    actionpack (2.3.0) lib/action_controller/session/cookie_store.rb:93:in `call'
    actionpack (2.3.0) lib/action_controller/failsafe.rb:11:in `call'
    actionpack (2.3.0) lib/action_controller/rack_ext/lock.rb:15:in `call'
    actionpack (2.3.0) lib/action_controller/rack_ext/lock.rb:15:in `synchronize'
    actionpack (2.3.0) lib/action_controller/rack_ext/lock.rb:15:in `call'
    actionpack (2.3.0) lib/action_controller/dispatcher.rb:83:in `call'
    rails (2.3.0) lib/rails/rack/static.rb:27:in `call'
    rails (2.3.0) lib/rails/rack/log_tailer.rb:17:in `call'
    rails (2.3.0) lib/commands/server.rb:100

Rendered rescues/_trace (44.1ms)
Rendered rescues/_request_and_response (0.3ms)
Rendering rescues/layout (internal_server_error)


Processing TodosController#index (for 127.0.0.1 at 2009-02-27 13:21:40) [GET]
  Parameters: {"list_id"=>"2"}
  [4;35;1mTodo Load (0.5ms)[0m   [0mSELECT * FROM "todos" [0m
Rendering template within layouts/todos
Rendering todos/index

ActionView::TemplateError (edit_list_todo_url failed to generate from {:controller=>"todos", :action=>"edit", :list_id=>nil, :id=>#<Todo id: 2, title: "", note: "", due_by: "2009-02-27 00:04:00", complete: false, created_at: "2009-02-27 00:04:20", updated_at: "2009-02-27 00:04:20", list_id: nil>}, expected: {:controller=>"todos", :action=>"edit"}, diff: {:list_id=>nil, :id=>#<Todo id: 2, title: "", note: "", due_by: "2009-02-27 00:04:00", complete: false, created_at: "2009-02-27 00:04:20", updated_at: "2009-02-27 00:04:20", list_id: nil>}) on line #18 of app/views/todos/index.html.erb:
15:     <td><%=h todo.due_by %></td>
16:     <td><%=h todo.complete %></td>
17:     <td><%= link_to 'Show', list_todos_path(@list) %></td>
18:     <td><%= link_to 'Edit', edit_list_todo_path(@list, todo) %></td>
19:     <td><%= link_to 'Destroy', list_todos_path(@list), :confirm => 'Are you sure?', :method => :delete %></td>
20:   </tr>
21: <% end %>

    actionpack (2.3.0) lib/action_controller/routing/route_set.rb:422:in `raise_named_route_error'
    actionpack (2.3.0) lib/action_controller/routing/route_set.rb:386:in `generate'
    actionpack (2.3.0) lib/action_controller/url_rewriter.rb:205:in `rewrite_path'
    actionpack (2.3.0) lib/action_controller/url_rewriter.rb:184:in `rewrite_url'
    actionpack (2.3.0) lib/action_controller/url_rewriter.rb:162:in `rewrite'
    actionpack (2.3.0) lib/action_controller/base.rb:625:in `url_for'
    actionpack (2.3.0) lib/action_view/helpers/url_helper.rb:85:in `send'
    actionpack (2.3.0) lib/action_view/helpers/url_helper.rb:85:in `url_for'
    (eval):16:in `edit_list_todo_path'
    app/views/todos/index.html.erb:18
    app/views/todos/index.html.erb:11:in `each'
    app/views/todos/index.html.erb:11
    actionpack (2.3.0) lib/action_view/renderable.rb:35:in `send'
    actionpack (2.3.0) lib/action_view/renderable.rb:35:in `render'
    actionpack (2.3.0) lib/action_view/template.rb:182:in `render_template'
    actionpack (2.3.0) lib/action_view/base.rb:247:in `render'
    actionpack (2.3.0) lib/action_view/base.rb:318:in `_render_with_layout'
    actionpack (2.3.0) lib/action_view/base.rb:244:in `render'
    actionpack (2.3.0) lib/action_controller/base.rb:1180:in `render_for_file'
    actionpack (2.3.0) lib/action_controller/base.rb:912:in `render_without_benchmark'
    actionpack (2.3.0) lib/action_controller/benchmarking.rb:51:in `render'
    actionpack (2.3.0) lib/action_controller/benchmarking.rb:51:in `render'
    actionpack (2.3.0) lib/action_controller/mime_responds.rb:135:in `send'
    actionpack (2.3.0) lib/action_controller/mime_responds.rb:135:in `custom'
    actionpack (2.3.0) lib/action_controller/mime_responds.rb:179:in `call'
    actionpack (2.3.0) lib/action_controller/mime_responds.rb:179:in `respond'
    actionpack (2.3.0) lib/action_controller/mime_responds.rb:173:in `each'
    actionpack (2.3.0) lib/action_controller/mime_responds.rb:173:in `respond'
    actionpack (2.3.0) lib/action_controller/mime_responds.rb:107:in `respond_to'
    app/controllers/todos_controller.rb:7:in `index'
    actionpack (2.3.0) lib/action_controller/base.rb:1261:in `send'
    actionpack (2.3.0) lib/action_controller/base.rb:1261:in `perform_action_without_filters'
    actionpack (2.3.0) lib/action_controller/filters.rb:617:in `call_filters'
    actionpack (2.3.0) lib/action_controller/filters.rb:610:in `perform_action_without_benchmark'
    actionpack (2.3.0) lib/action_controller/benchmarking.rb:68:in `perform_action_without_rescue'
    actionpack (2.3.0) lib/action_controller/benchmarking.rb:68:in `perform_action_without_rescue'
    actionpack (2.3.0) lib/action_controller/rescue.rb:154:in `perform_action_without_flash'
    actionpack (2.3.0) lib/action_controller/flash.rb:141:in `perform_action'
    actionpack (2.3.0) lib/action_controller/base.rb:523:in `send'
    actionpack (2.3.0) lib/action_controller/base.rb:523:in `process_without_filters'
    actionpack (2.3.0) lib/action_controller/filters.rb:606:in `process'
    actionpack (2.3.0) lib/action_controller/base.rb:391:in `process'
    actionpack (2.3.0) lib/action_controller/base.rb:386:in `call'
    actionpack (2.3.0) lib/action_controller/routing/route_set.rb:433:in `call'
    actionpack (2.3.0) lib/action_controller/dispatcher.rb:65:in `dispatch'
    actionpack (2.3.0) lib/action_controller/dispatcher.rb:88:in `_call'
    actionpack (2.3.0) lib/action_controller/dispatcher.rb:59:in `initialize'
    activerecord (2.3.0) lib/active_record/query_cache.rb:29:in `call'
    activerecord (2.3.0) lib/active_record/query_cache.rb:29:in `call'
    activerecord (2.3.0) lib/active_record/connection_adapters/abstract/query_cache.rb:34:in `cache'
    activerecord (2.3.0) lib/active_record/query_cache.rb:9:in `cache'
    activerecord (2.3.0) lib/active_record/query_cache.rb:28:in `call'
    actionpack (2.3.0) lib/action_controller/params_parser.rb:15:in `call'
    actionpack (2.3.0) lib/action_controller/rewindable_input.rb:25:in `call'
    actionpack (2.3.0) lib/action_controller/session/cookie_store.rb:93:in `call'
    actionpack (2.3.0) lib/action_controller/failsafe.rb:11:in `call'
    actionpack (2.3.0) lib/action_controller/rack_ext/lock.rb:15:in `call'
    actionpack (2.3.0) lib/action_controller/rack_ext/lock.rb:15:in `synchronize'
    actionpack (2.3.0) lib/action_controller/rack_ext/lock.rb:15:in `call'
    actionpack (2.3.0) lib/action_controller/dispatcher.rb:83:in `call'
    rails (2.3.0) lib/rails/rack/static.rb:27:in `call'
    rails (2.3.0) lib/rails/rack/log_tailer.rb:17:in `call'
    rails (2.3.0) lib/commands/server.rb:100

Rendered rescues/_trace (114.4ms)
Rendered rescues/_request_and_response (0.3ms)
Rendering rescues/layout (internal_server_error)


Processing TodosController#index (for 127.0.0.1 at 2009-02-27 13:23:24) [GET]
  Parameters: {"list_id"=>"2"}
  [4;36;1mTodo Load (1.2ms)[0m   [0;1mSELECT * FROM "todos" [0m
  [4;35;1mList Load (0.5ms)[0m   [0mSELECT * FROM "lists" WHERE ("lists"."id" = 2) [0m
Rendering template within layouts/todos
Rendering todos/index

ActionView::TemplateError (undefined local variable or method `new_todo_path' for #<ActionView::Base:0x243c464>) on line #26 of app/views/todos/index.html.erb:
23: 
24: <br />
25: 
26: <%= link_to 'New todo', new_todo_path %>

    app/views/todos/index.html.erb:26
    actionpack (2.3.0) lib/action_view/renderable.rb:35:in `send'
    actionpack (2.3.0) lib/action_view/renderable.rb:35:in `render'
    actionpack (2.3.0) lib/action_view/template.rb:182:in `render_template'
    actionpack (2.3.0) lib/action_view/base.rb:247:in `render'
    actionpack (2.3.0) lib/action_view/base.rb:318:in `_render_with_layout'
    actionpack (2.3.0) lib/action_view/base.rb:244:in `render'
    actionpack (2.3.0) lib/action_controller/base.rb:1180:in `render_for_file'
    actionpack (2.3.0) lib/action_controller/base.rb:912:in `render_without_benchmark'
    actionpack (2.3.0) lib/action_controller/benchmarking.rb:51:in `render'
    actionpack (2.3.0) lib/action_controller/benchmarking.rb:51:in `render'
    actionpack (2.3.0) lib/action_controller/mime_responds.rb:135:in `send'
    actionpack (2.3.0) lib/action_controller/mime_responds.rb:135:in `custom'
    actionpack (2.3.0) lib/action_controller/mime_responds.rb:179:in `call'
    actionpack (2.3.0) lib/action_controller/mime_responds.rb:179:in `respond'
    actionpack (2.3.0) lib/action_controller/mime_responds.rb:173:in `each'
    actionpack (2.3.0) lib/action_controller/mime_responds.rb:173:in `respond'
    actionpack (2.3.0) lib/action_controller/mime_responds.rb:107:in `respond_to'
    app/controllers/todos_controller.rb:8:in `index'
    actionpack (2.3.0) lib/action_controller/base.rb:1261:in `send'
    actionpack (2.3.0) lib/action_controller/base.rb:1261:in `perform_action_without_filters'
    actionpack (2.3.0) lib/action_controller/filters.rb:617:in `call_filters'
    actionpack (2.3.0) lib/action_controller/filters.rb:610:in `perform_action_without_benchmark'
    actionpack (2.3.0) lib/action_controller/benchmarking.rb:68:in `perform_action_without_rescue'
    actionpack (2.3.0) lib/action_controller/benchmarking.rb:68:in `perform_action_without_rescue'
    actionpack (2.3.0) lib/action_controller/rescue.rb:154:in `perform_action_without_flash'
    actionpack (2.3.0) lib/action_controller/flash.rb:141:in `perform_action'
    actionpack (2.3.0) lib/action_controller/base.rb:523:in `send'
    actionpack (2.3.0) lib/action_controller/base.rb:523:in `process_without_filters'
    actionpack (2.3.0) lib/action_controller/filters.rb:606:in `process'
    actionpack (2.3.0) lib/action_controller/base.rb:391:in `process'
    actionpack (2.3.0) lib/action_controller/base.rb:386:in `call'
    actionpack (2.3.0) lib/action_controller/routing/route_set.rb:433:in `call'
    actionpack (2.3.0) lib/action_controller/dispatcher.rb:65:in `dispatch'
    actionpack (2.3.0) lib/action_controller/dispatcher.rb:88:in `_call'
    actionpack (2.3.0) lib/action_controller/dispatcher.rb:59:in `initialize'
    activerecord (2.3.0) lib/active_record/query_cache.rb:29:in `call'
    activerecord (2.3.0) lib/active_record/query_cache.rb:29:in `call'
    activerecord (2.3.0) lib/active_record/connection_adapters/abstract/query_cache.rb:34:in `cache'
    activerecord (2.3.0) lib/active_record/query_cache.rb:9:in `cache'
    activerecord (2.3.0) lib/active_record/query_cache.rb:28:in `call'
    actionpack (2.3.0) lib/action_controller/params_parser.rb:15:in `call'
    actionpack (2.3.0) lib/action_controller/rewindable_input.rb:25:in `call'
    actionpack (2.3.0) lib/action_controller/session/cookie_store.rb:93:in `call'
    actionpack (2.3.0) lib/action_controller/failsafe.rb:11:in `call'
    actionpack (2.3.0) lib/action_controller/rack_ext/lock.rb:15:in `call'
    actionpack (2.3.0) lib/action_controller/rack_ext/lock.rb:15:in `synchronize'
    actionpack (2.3.0) lib/action_controller/rack_ext/lock.rb:15:in `call'
    actionpack (2.3.0) lib/action_controller/dispatcher.rb:83:in `call'
    rails (2.3.0) lib/rails/rack/static.rb:27:in `call'
    rails (2.3.0) lib/rails/rack/log_tailer.rb:17:in `call'
    rails (2.3.0) lib/commands/server.rb:100

Rendered rescues/_trace (37.8ms)
Rendered rescues/_request_and_response (0.3ms)
Rendering rescues/layout (internal_server_error)


Processing TodosController#index (for 127.0.0.1 at 2009-02-27 13:23:29) [GET]
  Parameters: {"list_id"=>"2"}
  [4;36;1mTodo Load (1.3ms)[0m   [0;1mSELECT * FROM "todos" [0m
  [4;35;1mList Load (0.5ms)[0m   [0mSELECT * FROM "lists" WHERE ("lists"."id" = 2) [0m
Rendering template within layouts/todos
Rendering todos/index

ActionView::TemplateError (undefined local variable or method `new_todo_path' for #<ActionView::Base:0x21e2858>) on line #26 of app/views/todos/index.html.erb:
23: 
24: <br />
25: 
26: <%= link_to 'New todo', new_todo_path %>

    app/views/todos/index.html.erb:26
    actionpack (2.3.0) lib/action_view/renderable.rb:35:in `send'
    actionpack (2.3.0) lib/action_view/renderable.rb:35:in `render'
    actionpack (2.3.0) lib/action_view/template.rb:182:in `render_template'
    actionpack (2.3.0) lib/action_view/base.rb:247:in `render'
    actionpack (2.3.0) lib/action_view/base.rb:318:in `_render_with_layout'
    actionpack (2.3.0) lib/action_view/base.rb:244:in `render'
    actionpack (2.3.0) lib/action_controller/base.rb:1180:in `render_for_file'
    actionpack (2.3.0) lib/action_controller/base.rb:912:in `render_without_benchmark'
    actionpack (2.3.0) lib/action_controller/benchmarking.rb:51:in `render'
    actionpack (2.3.0) lib/action_controller/benchmarking.rb:51:in `render'
    actionpack (2.3.0) lib/action_controller/mime_responds.rb:135:in `send'
    actionpack (2.3.0) lib/action_controller/mime_responds.rb:135:in `custom'
    actionpack (2.3.0) lib/action_controller/mime_responds.rb:179:in `call'
    actionpack (2.3.0) lib/action_controller/mime_responds.rb:179:in `respond'
    actionpack (2.3.0) lib/action_controller/mime_responds.rb:173:in `each'
    actionpack (2.3.0) lib/action_controller/mime_responds.rb:173:in `respond'
    actionpack (2.3.0) lib/action_controller/mime_responds.rb:107:in `respond_to'
    app/controllers/todos_controller.rb:8:in `index'
    actionpack (2.3.0) lib/action_controller/base.rb:1261:in `send'
    actionpack (2.3.0) lib/action_controller/base.rb:1261:in `perform_action_without_filters'
    actionpack (2.3.0) lib/action_controller/filters.rb:617:in `call_filters'
    actionpack (2.3.0) lib/action_controller/filters.rb:610:in `perform_action_without_benchmark'
    actionpack (2.3.0) lib/action_controller/benchmarking.rb:68:in `perform_action_without_rescue'
    actionpack (2.3.0) lib/action_controller/benchmarking.rb:68:in `perform_action_without_rescue'
    actionpack (2.3.0) lib/action_controller/rescue.rb:154:in `perform_action_without_flash'
    actionpack (2.3.0) lib/action_controller/flash.rb:141:in `perform_action'
    actionpack (2.3.0) lib/action_controller/base.rb:523:in `send'
    actionpack (2.3.0) lib/action_controller/base.rb:523:in `process_without_filters'
    actionpack (2.3.0) lib/action_controller/filters.rb:606:in `process'
    actionpack (2.3.0) lib/action_controller/base.rb:391:in `process'
    actionpack (2.3.0) lib/action_controller/base.rb:386:in `call'
    actionpack (2.3.0) lib/action_controller/routing/route_set.rb:433:in `call'
    actionpack (2.3.0) lib/action_controller/dispatcher.rb:65:in `dispatch'
    actionpack (2.3.0) lib/action_controller/dispatcher.rb:88:in `_call'
    actionpack (2.3.0) lib/action_controller/dispatcher.rb:59:in `initialize'
    activerecord (2.3.0) lib/active_record/query_cache.rb:29:in `call'
    activerecord (2.3.0) lib/active_record/query_cache.rb:29:in `call'
    activerecord (2.3.0) lib/active_record/connection_adapters/abstract/query_cache.rb:34:in `cache'
    activerecord (2.3.0) lib/active_record/query_cache.rb:9:in `cache'
    activerecord (2.3.0) lib/active_record/query_cache.rb:28:in `call'
    actionpack (2.3.0) lib/action_controller/params_parser.rb:15:in `call'
    actionpack (2.3.0) lib/action_controller/rewindable_input.rb:25:in `call'
    actionpack (2.3.0) lib/action_controller/session/cookie_store.rb:93:in `call'
    actionpack (2.3.0) lib/action_controller/failsafe.rb:11:in `call'
    actionpack (2.3.0) lib/action_controller/rack_ext/lock.rb:15:in `call'
    actionpack (2.3.0) lib/action_controller/rack_ext/lock.rb:15:in `synchronize'
    actionpack (2.3.0) lib/action_controller/rack_ext/lock.rb:15:in `call'
    actionpack (2.3.0) lib/action_controller/dispatcher.rb:83:in `call'
    rails (2.3.0) lib/rails/rack/static.rb:27:in `call'
    rails (2.3.0) lib/rails/rack/log_tailer.rb:17:in `call'
    rails (2.3.0) lib/commands/server.rb:100

Rendered rescues/_trace (120.3ms)
Rendered rescues/_request_and_response (0.3ms)
Rendering rescues/layout (internal_server_error)


Processing TodosController#index (for 127.0.0.1 at 2009-02-27 13:23:50) [GET]
  Parameters: {"list_id"=>"2"}
  [4;36;1mTodo Load (1.2ms)[0m   [0;1mSELECT * FROM "todos" [0m
  [4;35;1mList Load (0.5ms)[0m   [0mSELECT * FROM "lists" WHERE ("lists"."id" = 2) [0m
Rendering template within layouts/todos
Rendering todos/index
Completed in 59ms (View: 39, DB: 2) | 200 OK [http://localhost/lists/2/todos]


Processing TodosController#index (for 127.0.0.1 at 2009-02-27 13:24:06) [GET]
  Parameters: {"list_id"=>"2"}
  [4;36;1mTodo Load (0.5ms)[0m   [0;1mSELECT * FROM "todos" [0m
  [4;35;1mList Load (0.2ms)[0m   [0mSELECT * FROM "lists" WHERE ("lists"."id" = 2) [0m
Rendering template within layouts/todos
Rendering todos/index
Completed in 24ms (View: 16, DB: 1) | 200 OK [http://localhost/lists/2/todos]


Processing TodosController#edit (for 127.0.0.1 at 2009-02-27 13:24:08) [GET]
  Parameters: {"id"=>"2", "list_id"=>"2"}
  [4;36;1mTodo Load (0.6ms)[0m   [0;1mSELECT * FROM "todos" WHERE ("todos"."id" = 2) [0m
Rendering template within layouts/todos
Rendering todos/edit

ActionView::TemplateError (undefined method `todo_path' for #<ActionView::Base:0x223d050>) on line #3 of app/views/todos/edit.html.erb:
1: <h1>Editing todo</h1>
2: 
3: <% form_for(@todo) do |f| %>
4:   <%= f.error_messages %>
5: 
6:   <p>

    actionpack (2.3.0) lib/action_controller/polymorphic_routes.rb:109:in `__send__'
    actionpack (2.3.0) lib/action_controller/polymorphic_routes.rb:109:in `polymorphic_url'
    actionpack (2.3.0) lib/action_controller/polymorphic_routes.rb:116:in `polymorphic_path'
    actionpack (2.3.0) lib/action_view/helpers/form_helper.rb:269:in `apply_form_for_options!'
    actionpack (2.3.0) lib/action_view/helpers/form_helper.rb:248:in `form_for'
    app/views/todos/edit.html.erb:3
    actionpack (2.3.0) lib/action_view/renderable.rb:35:in `send'
    actionpack (2.3.0) lib/action_view/renderable.rb:35:in `render'
    actionpack (2.3.0) lib/action_view/template.rb:182:in `render_template'
    actionpack (2.3.0) lib/action_view/base.rb:247:in `render'
    actionpack (2.3.0) lib/action_view/base.rb:318:in `_render_with_layout'
    actionpack (2.3.0) lib/action_view/base.rb:244:in `render'
    actionpack (2.3.0) lib/action_controller/base.rb:1180:in `render_for_file'
    actionpack (2.3.0) lib/action_controller/base.rb:906:in `render_without_benchmark'
    actionpack (2.3.0) lib/action_controller/benchmarking.rb:51:in `render'
    actionpack (2.3.0) lib/action_controller/benchmarking.rb:51:in `render'
    actionpack (2.3.0) lib/action_controller/base.rb:1256:in `default_render'
    actionpack (2.3.0) lib/action_controller/base.rb:1262:in `perform_action_without_filters'
    actionpack (2.3.0) lib/action_controller/filters.rb:617:in `call_filters'
    actionpack (2.3.0) lib/action_controller/filters.rb:610:in `perform_action_without_benchmark'
    actionpack (2.3.0) lib/action_controller/benchmarking.rb:68:in `perform_action_without_rescue'
    actionpack (2.3.0) lib/action_controller/benchmarking.rb:68:in `perform_action_without_rescue'
    actionpack (2.3.0) lib/action_controller/rescue.rb:154:in `perform_action_without_flash'
    actionpack (2.3.0) lib/action_controller/flash.rb:141:in `perform_action'
    actionpack (2.3.0) lib/action_controller/base.rb:523:in `send'
    actionpack (2.3.0) lib/action_controller/base.rb:523:in `process_without_filters'
    actionpack (2.3.0) lib/action_controller/filters.rb:606:in `process'
    actionpack (2.3.0) lib/action_controller/base.rb:391:in `process'
    actionpack (2.3.0) lib/action_controller/base.rb:386:in `call'
    actionpack (2.3.0) lib/action_controller/routing/route_set.rb:433:in `call'
    actionpack (2.3.0) lib/action_controller/dispatcher.rb:65:in `dispatch'
    actionpack (2.3.0) lib/action_controller/dispatcher.rb:88:in `_call'
    actionpack (2.3.0) lib/action_controller/dispatcher.rb:59:in `initialize'
    activerecord (2.3.0) lib/active_record/query_cache.rb:29:in `call'
    activerecord (2.3.0) lib/active_record/query_cache.rb:29:in `call'
    activerecord (2.3.0) lib/active_record/connection_adapters/abstract/query_cache.rb:34:in `cache'
    activerecord (2.3.0) lib/active_record/query_cache.rb:9:in `cache'
    activerecord (2.3.0) lib/active_record/query_cache.rb:28:in `call'
    actionpack (2.3.0) lib/action_controller/params_parser.rb:15:in `call'
    actionpack (2.3.0) lib/action_controller/rewindable_input.rb:25:in `call'
    actionpack (2.3.0) lib/action_controller/session/cookie_store.rb:93:in `call'
    actionpack (2.3.0) lib/action_controller/failsafe.rb:11:in `call'
    actionpack (2.3.0) lib/action_controller/rack_ext/lock.rb:15:in `call'
    actionpack (2.3.0) lib/action_controller/rack_ext/lock.rb:15:in `synchronize'
    actionpack (2.3.0) lib/action_controller/rack_ext/lock.rb:15:in `call'
    actionpack (2.3.0) lib/action_controller/dispatcher.rb:83:in `call'
    rails (2.3.0) lib/rails/rack/static.rb:27:in `call'
    rails (2.3.0) lib/rails/rack/log_tailer.rb:17:in `call'
    rails (2.3.0) lib/commands/server.rb:100

Rendered rescues/_trace (35.6ms)
Rendered rescues/_request_and_response (71.6ms)
Rendering rescues/layout (internal_server_error)
