  [4;36;1mSQL (0.3ms)[0m   [0;1m SELECT name
 FROM sqlite_master
 WHERE type = 'table' AND NOT name = 'sqlite_sequence'
[0m
  [4;35;1mSQL (0.2ms)[0m   [0mselect sqlite_version(*)[0m
  [4;36;1mSQL (1.5ms)[0m   [0;1mCREATE TABLE "schema_migrations" ("version" varchar(255) NOT NULL) [0m
  [4;35;1mSQL (1.4ms)[0m   [0mCREATE UNIQUE INDEX "unique_schema_migrations" ON "schema_migrations" ("version")[0m
  [4;36;1mSQL (0.2ms)[0m   [0;1m SELECT name
 FROM sqlite_master
 WHERE type = 'table' AND NOT name = 'sqlite_sequence'
[0m
  [4;35;1mSQL (0.1ms)[0m   [0mSELECT version FROM schema_migrations[0m
  [4;36;1mSQL (0.5ms)[0m   [0;1m SELECT name
 FROM sqlite_master
 WHERE type = 'table' AND NOT name = 'sqlite_sequence'
[0m
  [4;35;1mSQL (0.2ms)[0m   [0mselect sqlite_version(*)[0m
  [4;36;1mSQL (0.4ms)[0m   [0;1m SELECT name
 FROM sqlite_master
 WHERE type = 'table' AND NOT name = 'sqlite_sequence'
[0m
  [4;35;1mSQL (0.2ms)[0m   [0mSELECT version FROM schema_migrations[0m
  [4;36;1mSQL (0.3ms)[0m   [0;1m SELECT name
 FROM sqlite_master
 WHERE type = 'table' AND NOT name = 'sqlite_sequence'
[0m
  [4;36;1mSQL (0.4ms)[0m   [0;1m SELECT name
 FROM sqlite_master
 WHERE type = 'table' AND NOT name = 'sqlite_sequence'
[0m
  [4;35;1mSQL (0.1ms)[0m   [0mSELECT version FROM schema_migrations[0m
  [4;36;1mSQL (0.2ms)[0m   [0;1m SELECT name
 FROM sqlite_master
 WHERE type = 'table' AND NOT name = 'sqlite_sequence'
[0m
  [4;35;1mSQL (0.1ms)[0m   [0mselect sqlite_version(*)[0m
  [4;36;1mSQL (2.0ms)[0m   [0;1mCREATE TABLE "schema_migrations" ("version" varchar(255) NOT NULL) [0m
  [4;35;1mSQL (2.0ms)[0m   [0mCREATE UNIQUE INDEX "unique_schema_migrations" ON "schema_migrations" ("version")[0m
  [4;36;1mSQL (0.4ms)[0m   [0;1m SELECT name
 FROM sqlite_master
 WHERE type = 'table' AND NOT name = 'sqlite_sequence'
[0m
  [4;35;1mSQL (0.2ms)[0m   [0mSELECT version FROM "schema_migrations"[0m
  [4;36;1mSQL (1.9ms)[0m   [0;1mINSERT INTO "schema_migrations" (version) VALUES ('0')[0m


Processing PeopleController#index (for 127.0.0.1 at 2009-02-13 18:14:43) [GET]

NoMethodError (undefined method `find' for Person:Class):
  app/controllers/people_controller.rb:5:in `index'
  actionpack (2.3.0) lib/action_controller/base.rb:1261:in `send'
  actionpack (2.3.0) lib/action_controller/base.rb:1261:in `perform_action_without_filters'
  actionpack (2.3.0) lib/action_controller/filters.rb:617:in `call_filters'
  actionpack (2.3.0) lib/action_controller/filters.rb:610:in `perform_action_without_benchmark'
  actionpack (2.3.0) lib/action_controller/benchmarking.rb:68:in `perform_action_without_rescue'
  actionpack (2.3.0) lib/action_controller/benchmarking.rb:68:in `perform_action_without_rescue'
  actionpack (2.3.0) lib/action_controller/rescue.rb:154:in `perform_action_without_flash'
  actionpack (2.3.0) lib/action_controller/flash.rb:141:in `perform_action'
  actionpack (2.3.0) lib/action_controller/base.rb:523:in `send'
  actionpack (2.3.0) lib/action_controller/base.rb:523:in `process_without_filters'
  actionpack (2.3.0) lib/action_controller/filters.rb:606:in `process'
  actionpack (2.3.0) lib/action_controller/base.rb:391:in `process'
  actionpack (2.3.0) lib/action_controller/base.rb:386:in `call'
  actionpack (2.3.0) lib/action_controller/routing/route_set.rb:433:in `call'
  actionpack (2.3.0) lib/action_controller/dispatcher.rb:65:in `dispatch'
  actionpack (2.3.0) lib/action_controller/dispatcher.rb:88:in `_call'
  actionpack (2.3.0) lib/action_controller/dispatcher.rb:59:in `initialize'
  activerecord (2.3.0) lib/active_record/query_cache.rb:29:in `call'
  activerecord (2.3.0) lib/active_record/query_cache.rb:29:in `call'
  activerecord (2.3.0) lib/active_record/connection_adapters/abstract/query_cache.rb:34:in `cache'
  activerecord (2.3.0) lib/active_record/query_cache.rb:9:in `cache'
  activerecord (2.3.0) lib/active_record/query_cache.rb:28:in `call'
  actionpack (2.3.0) lib/action_controller/params_parser.rb:15:in `call'
  actionpack (2.3.0) lib/action_controller/rewindable_input.rb:25:in `call'
  actionpack (2.3.0) lib/action_controller/session/cookie_store.rb:93:in `call'
  actionpack (2.3.0) lib/action_controller/failsafe.rb:11:in `call'
  actionpack (2.3.0) lib/action_controller/rack_ext/lock.rb:15:in `call'
  actionpack (2.3.0) lib/action_controller/rack_ext/lock.rb:15:in `synchronize'
  actionpack (2.3.0) lib/action_controller/rack_ext/lock.rb:15:in `call'
  actionpack (2.3.0) lib/action_controller/dispatcher.rb:83:in `call'
  actionpack (2.3.0) lib/action_controller/cgi_process.rb:44:in `dispatch_cgi'
  actionpack (2.3.0) lib/action_controller/dispatcher.rb:79:in `dispatch_cgi'
  actionpack (2.3.0) lib/action_controller/dispatcher.rb:29:in `dispatch'
  thin (1.0.0) lib/thin/connection.rb:63:in `pre_process'
  thin (1.0.0) lib/thin/connection.rb:54:in `process'
  thin (1.0.0) lib/thin/connection.rb:39:in `receive_data'
  eventmachine (0.12.2) lib/eventmachine.rb:231:in `run_machine'
  eventmachine (0.12.2) lib/eventmachine.rb:231:in `run'
  thin (1.0.0) lib/thin/backends/base.rb:57:in `start'
  thin (1.0.0) lib/thin/server.rb:150:in `start'
  thin (1.0.0) lib/thin/controllers/controller.rb:80:in `start'
  thin (1.0.0) lib/thin/runner.rb:173:in `send'
  thin (1.0.0) lib/thin/runner.rb:173:in `run_command'
  thin (1.0.0) lib/thin/runner.rb:139:in `run!'
  thin (1.0.0) bin/thin:6
  /usr/bin/thin:19:in `load'
  /usr/bin/thin:19

Rendered rescues/_trace (45.3ms)
Rendered rescues/_request_and_response (0.6ms)
Rendering rescues/layout (internal_server_error)
